<?xml version="1.0" encoding="UTF-8"?>
<!-- Generated by org.testng.reporters.JUnitXMLReporter -->
<testsuite hostname="Matthews-MBP" ignored="2" name="Test" tests="35" failures="7" timestamp="2021-05-01T11:58:49 EDT" time="2165.853" errors="0">
  <testcase name="RecreateOrder" time="169.465" classname="OperationsAppTasks.Task1732Main"/>
  <testcase name="Releaseorder" time="36.589" classname="OperationsAppTasks.Task1732Main"/>
  <testcase name="Processorder" time="103.113" classname="OperationsAppTasks.Task1732Main"/>
  <testcase name="Transfertocontainer" time="36.703" classname="OperationsAppTasks.Task1732Main"/>
  <testcase name="Tailoring" time="47.183" classname="OperationsAppTasks.Task1732Main"/>
  <testcase name="QualityAsurance" time="37.4" classname="OperationsAppTasks.Task1732Main"/>
  <testcase name="mobiletest" time="172.812" classname="OperationsAppTasks.Task1767ChromeMobileEmulatorItem1"/>
  <testcase name="Releaseorder" time="36.505" classname="OperationsAppTasks.Task1767ChromeMobileEmulatorItem1"/>
  <testcase name="Processorder" time="111.263" classname="OperationsAppTasks.Task1767ChromeMobileEmulatorItem1"/>
  <testcase name="Transfertocontainer" time="53.314" classname="OperationsAppTasks.Task1767ChromeMobileEmulatorItem1"/>
  <testcase name="Tailoring" time="76.483" classname="OperationsAppTasks.Task1767ChromeMobileEmulatorItem1"/>
  <testcase name="QualityAsurance" time="70.114" classname="OperationsAppTasks.Task1767ChromeMobileEmulatorItem1"/>
  <testcase name="Createanorderwithpickedproducts" time="78.493" classname="OperationsAppTasks.PPSSCUSLibScripts">
    <failure type="java.lang.Error" message="Unresolved compilation problems: 
	Screenshot cannot be resolved to a type
	AShot cannot be resolved to a type
	ShootingStrategies cannot be resolved
">
      <![CDATA[java.lang.Error: Unresolved compilation problems: 
Screenshot cannot be resolved to a type
AShot cannot be resolved to a type
ShootingStrategies cannot be resolved

at com.pittsburgh.genericlib.Screenshotclass.takeSnapShot(Screenshotclass.java:28)
at OperationsAppTasks.PPSSCUSLibScripts.Createanorderwithpickedproducts(PPSSCUSLibScripts.java:147)
at java.util.ArrayList.forEach(ArrayList.java:1259)
... Removed 27 stack frames]]>
    </failure>
  </testcase> <!-- Createanorderwithpickedproducts -->
  <testcase name="CreateoorderwithNeedsPicked" time="64.839" classname="OperationsAppTasks.PPSSCUSLibScripts">
    <failure type="org.openqa.selenium.ElementClickInterceptedException" message="element click intercepted: Element &amp;lt;span class=&amp;quot;alert-button-inner sc-ion-alert-md&amp;quot;&amp;gt;...&amp;lt;/span&amp;gt; is not clickable at point (2664, 709). Other element would receive the click: &amp;lt;button type=&amp;quot;button&amp;quot; class=&amp;quot;alert-button ion-focusable ion-activatable sc-ion-alert-md&amp;quot; tabindex=&amp;quot;0&amp;quot;&amp;gt;...&amp;lt;/button&amp;gt;
  (Session info: chrome=90.0.4430.93)
Build info: version: &amp;apos;3.141.59&amp;apos;, revision: &amp;apos;e82be7d358&amp;apos;, time: &amp;apos;2018-11-14T08:25:53&amp;apos;
System info: host: &amp;apos;Matthews-MBP&amp;apos;, ip: &amp;apos;fe80:0:0:0:4c0:fada:7f0a:ee18%en0&amp;apos;, os.name: &amp;apos;Mac OS X&amp;apos;, os.arch: &amp;apos;x86_64&amp;apos;, os.version: &amp;apos;10.16&amp;apos;, java.version: &amp;apos;1.8.0_281&amp;apos;
Driver info: org.openqa.selenium.chrome.ChromeDriver
Capabilities {acceptInsecureCerts: false, browserName: chrome, browserVersion: 90.0.4430.93, chrome: {chromedriverVersion: 89.0.4389.23 (61b08ee2c5002..., userDataDir: /var/folders/g7/2ng20rsn15s...}, goog:chromeOptions: {debuggerAddress: localhost:58856}, javascriptEnabled: true, networkConnectionEnabled: false, pageLoadStrategy: normal, platform: MAC, platformName: MAC, proxy: Proxy(), setWindowRect: true, strictFileInteractability: false, timeouts: {implicit: 0, pageLoad: 300000, script: 30000}, unhandledPromptBehavior: dismiss and notify, webauthn:extension:largeBlob: true, webauthn:virtualAuthenticators: true}
Session ID: b47380e8a0519a8d260152e48ac6a911">
      <![CDATA[org.openqa.selenium.ElementClickInterceptedException: element click intercepted: Element <span class="alert-button-inner sc-ion-alert-md">...</span> is not clickable at point (2664, 709). Other element would receive the click: <button type="button" class="alert-button ion-focusable ion-activatable sc-ion-alert-md" tabindex="0">...</button>
  (Session info: chrome=90.0.4430.93)
Build info: version: '3.141.59', revision: 'e82be7d358', time: '2018-11-14T08:25:53'
System info: host: 'Matthews-MBP', ip: 'fe80:0:0:0:4c0:fada:7f0a:ee18%en0', os.name: 'Mac OS X', os.arch: 'x86_64', os.version: '10.16', java.version: '1.8.0_281'
Driver info: org.openqa.selenium.chrome.ChromeDriver
Capabilities {acceptInsecureCerts: false, browserName: chrome, browserVersion: 90.0.4430.93, chrome: {chromedriverVersion: 89.0.4389.23 (61b08ee2c5002..., userDataDir: /var/folders/g7/2ng20rsn15s...}, goog:chromeOptions: {debuggerAddress: localhost:58856}, javascriptEnabled: true, networkConnectionEnabled: false, pageLoadStrategy: normal, platform: MAC, platformName: MAC, proxy: Proxy(), setWindowRect: true, strictFileInteractability: false, timeouts: {implicit: 0, pageLoad: 300000, script: 30000}, unhandledPromptBehavior: dismiss and notify, webauthn:extension:largeBlob: true, webauthn:virtualAuthenticators: true}
Session ID: b47380e8a0519a8d260152e48ac6a911
at org.openqa.selenium.remote.http.W3CHttpResponseCodec.createException(W3CHttpResponseCodec.java:187)
at org.openqa.selenium.remote.http.W3CHttpResponseCodec.decode(W3CHttpResponseCodec.java:122)
at org.openqa.selenium.remote.http.W3CHttpResponseCodec.decode(W3CHttpResponseCodec.java:49)
at org.openqa.selenium.remote.HttpCommandExecutor.execute(HttpCommandExecutor.java:158)
at org.openqa.selenium.remote.service.DriverCommandExecutor.execute(DriverCommandExecutor.java:83)
at org.openqa.selenium.remote.RemoteWebDriver.execute(RemoteWebDriver.java:552)
at org.openqa.selenium.remote.RemoteWebElement.execute(RemoteWebElement.java:285)
at org.openqa.selenium.remote.RemoteWebElement.click(RemoteWebElement.java:84)
at OperationsAppTasks.PPSSCUSLibScripts.CreateoorderwithNeedsPicked(PPSSCUSLibScripts.java:213)
at java.util.ArrayList.forEach(ArrayList.java:1259)
... Removed 31 stack frames]]>
    </failure>
  </testcase> <!-- CreateoorderwithNeedsPicked -->
  <testcase name="OrderProcess" time="22.277" classname="OperationsAppTasks.PPSSCUSLibScripts">
    <failure type="org.openqa.selenium.ElementClickInterceptedException" message="element click intercepted: Element &amp;lt;ion-button _ngcontent-cug-c37=&amp;quot;&amp;quot; class=&amp;quot;md button button-solid ion-activatable ion-focusable hydrated&amp;quot;&amp;gt;...&amp;lt;/ion-button&amp;gt; is not clickable at point (56, 228). Other element would receive the click: &amp;lt;ion-backdrop class=&amp;quot;sc-ion-alert-md md hydrated&amp;quot; tabindex=&amp;quot;-1&amp;quot;&amp;gt;&amp;lt;/ion-backdrop&amp;gt;
  (Session info: chrome=90.0.4430.93)
Build info: version: &amp;apos;3.141.59&amp;apos;, revision: &amp;apos;e82be7d358&amp;apos;, time: &amp;apos;2018-11-14T08:25:53&amp;apos;
System info: host: &amp;apos;Matthews-MBP&amp;apos;, ip: &amp;apos;fe80:0:0:0:4c0:fada:7f0a:ee18%en0&amp;apos;, os.name: &amp;apos;Mac OS X&amp;apos;, os.arch: &amp;apos;x86_64&amp;apos;, os.version: &amp;apos;10.16&amp;apos;, java.version: &amp;apos;1.8.0_281&amp;apos;
Driver info: org.openqa.selenium.chrome.ChromeDriver
Capabilities {acceptInsecureCerts: false, browserName: chrome, browserVersion: 90.0.4430.93, chrome: {chromedriverVersion: 89.0.4389.23 (61b08ee2c5002..., userDataDir: /var/folders/g7/2ng20rsn15s...}, goog:chromeOptions: {debuggerAddress: localhost:58856}, javascriptEnabled: true, networkConnectionEnabled: false, pageLoadStrategy: normal, platform: MAC, platformName: MAC, proxy: Proxy(), setWindowRect: true, strictFileInteractability: false, timeouts: {implicit: 0, pageLoad: 300000, script: 30000}, unhandledPromptBehavior: dismiss and notify, webauthn:extension:largeBlob: true, webauthn:virtualAuthenticators: true}
Session ID: b47380e8a0519a8d260152e48ac6a911">
      <![CDATA[org.openqa.selenium.ElementClickInterceptedException: element click intercepted: Element <ion-button _ngcontent-cug-c37="" class="md button button-solid ion-activatable ion-focusable hydrated">...</ion-button> is not clickable at point (56, 228). Other element would receive the click: <ion-backdrop class="sc-ion-alert-md md hydrated" tabindex="-1"></ion-backdrop>
  (Session info: chrome=90.0.4430.93)
Build info: version: '3.141.59', revision: 'e82be7d358', time: '2018-11-14T08:25:53'
System info: host: 'Matthews-MBP', ip: 'fe80:0:0:0:4c0:fada:7f0a:ee18%en0', os.name: 'Mac OS X', os.arch: 'x86_64', os.version: '10.16', java.version: '1.8.0_281'
Driver info: org.openqa.selenium.chrome.ChromeDriver
Capabilities {acceptInsecureCerts: false, browserName: chrome, browserVersion: 90.0.4430.93, chrome: {chromedriverVersion: 89.0.4389.23 (61b08ee2c5002..., userDataDir: /var/folders/g7/2ng20rsn15s...}, goog:chromeOptions: {debuggerAddress: localhost:58856}, javascriptEnabled: true, networkConnectionEnabled: false, pageLoadStrategy: normal, platform: MAC, platformName: MAC, proxy: Proxy(), setWindowRect: true, strictFileInteractability: false, timeouts: {implicit: 0, pageLoad: 300000, script: 30000}, unhandledPromptBehavior: dismiss and notify, webauthn:extension:largeBlob: true, webauthn:virtualAuthenticators: true}
Session ID: b47380e8a0519a8d260152e48ac6a911
at org.openqa.selenium.remote.http.W3CHttpResponseCodec.createException(W3CHttpResponseCodec.java:187)
at org.openqa.selenium.remote.http.W3CHttpResponseCodec.decode(W3CHttpResponseCodec.java:122)
at org.openqa.selenium.remote.http.W3CHttpResponseCodec.decode(W3CHttpResponseCodec.java:49)
at org.openqa.selenium.remote.HttpCommandExecutor.execute(HttpCommandExecutor.java:158)
at org.openqa.selenium.remote.service.DriverCommandExecutor.execute(DriverCommandExecutor.java:83)
at org.openqa.selenium.remote.RemoteWebDriver.execute(RemoteWebDriver.java:552)
at org.openqa.selenium.remote.RemoteWebElement.execute(RemoteWebElement.java:285)
at org.openqa.selenium.remote.RemoteWebElement.click(RemoteWebElement.java:84)
at OperationsAppTasks.PPSSCUSLibScripts.OrderProcess(PPSSCUSLibScripts.java:368)
at java.util.ArrayList.forEach(ArrayList.java:1259)
... Removed 31 stack frames]]>
    </failure>
  </testcase> <!-- OrderProcess -->
  <testcase name="OrderRelease" time="7.15" classname="OperationsAppTasks.PPSSCUSLibScripts">
    <failure type="org.openqa.selenium.ElementClickInterceptedException" message="element click intercepted: Element &amp;lt;tr _ngcontent-cug-c38=&amp;quot;&amp;quot; class=&amp;quot;mat-row ng-star-inserted&amp;quot; mat-row=&amp;quot;&amp;quot; role=&amp;quot;row&amp;quot;&amp;gt;...&amp;lt;/tr&amp;gt; is not clickable at point (2560, 136). Other element would receive the click: &amp;lt;ion-backdrop class=&amp;quot;sc-ion-alert-md md hydrated&amp;quot; tabindex=&amp;quot;-1&amp;quot;&amp;gt;&amp;lt;/ion-backdrop&amp;gt;
  (Session info: chrome=90.0.4430.93)
Build info: version: &amp;apos;3.141.59&amp;apos;, revision: &amp;apos;e82be7d358&amp;apos;, time: &amp;apos;2018-11-14T08:25:53&amp;apos;
System info: host: &amp;apos;Matthews-MBP&amp;apos;, ip: &amp;apos;fe80:0:0:0:4c0:fada:7f0a:ee18%en0&amp;apos;, os.name: &amp;apos;Mac OS X&amp;apos;, os.arch: &amp;apos;x86_64&amp;apos;, os.version: &amp;apos;10.16&amp;apos;, java.version: &amp;apos;1.8.0_281&amp;apos;
Driver info: org.openqa.selenium.chrome.ChromeDriver
Capabilities {acceptInsecureCerts: false, browserName: chrome, browserVersion: 90.0.4430.93, chrome: {chromedriverVersion: 89.0.4389.23 (61b08ee2c5002..., userDataDir: /var/folders/g7/2ng20rsn15s...}, goog:chromeOptions: {debuggerAddress: localhost:58856}, javascriptEnabled: true, networkConnectionEnabled: false, pageLoadStrategy: normal, platform: MAC, platformName: MAC, proxy: Proxy(), setWindowRect: true, strictFileInteractability: false, timeouts: {implicit: 0, pageLoad: 300000, script: 30000}, unhandledPromptBehavior: dismiss and notify, webauthn:extension:largeBlob: true, webauthn:virtualAuthenticators: true}
Session ID: b47380e8a0519a8d260152e48ac6a911">
      <![CDATA[org.openqa.selenium.ElementClickInterceptedException: element click intercepted: Element <tr _ngcontent-cug-c38="" class="mat-row ng-star-inserted" mat-row="" role="row">...</tr> is not clickable at point (2560, 136). Other element would receive the click: <ion-backdrop class="sc-ion-alert-md md hydrated" tabindex="-1"></ion-backdrop>
  (Session info: chrome=90.0.4430.93)
Build info: version: '3.141.59', revision: 'e82be7d358', time: '2018-11-14T08:25:53'
System info: host: 'Matthews-MBP', ip: 'fe80:0:0:0:4c0:fada:7f0a:ee18%en0', os.name: 'Mac OS X', os.arch: 'x86_64', os.version: '10.16', java.version: '1.8.0_281'
Driver info: org.openqa.selenium.chrome.ChromeDriver
Capabilities {acceptInsecureCerts: false, browserName: chrome, browserVersion: 90.0.4430.93, chrome: {chromedriverVersion: 89.0.4389.23 (61b08ee2c5002..., userDataDir: /var/folders/g7/2ng20rsn15s...}, goog:chromeOptions: {debuggerAddress: localhost:58856}, javascriptEnabled: true, networkConnectionEnabled: false, pageLoadStrategy: normal, platform: MAC, platformName: MAC, proxy: Proxy(), setWindowRect: true, strictFileInteractability: false, timeouts: {implicit: 0, pageLoad: 300000, script: 30000}, unhandledPromptBehavior: dismiss and notify, webauthn:extension:largeBlob: true, webauthn:virtualAuthenticators: true}
Session ID: b47380e8a0519a8d260152e48ac6a911
at org.openqa.selenium.remote.http.W3CHttpResponseCodec.createException(W3CHttpResponseCodec.java:187)
at org.openqa.selenium.remote.http.W3CHttpResponseCodec.decode(W3CHttpResponseCodec.java:122)
at org.openqa.selenium.remote.http.W3CHttpResponseCodec.decode(W3CHttpResponseCodec.java:49)
at org.openqa.selenium.remote.HttpCommandExecutor.execute(HttpCommandExecutor.java:158)
at org.openqa.selenium.remote.service.DriverCommandExecutor.execute(DriverCommandExecutor.java:83)
at org.openqa.selenium.remote.RemoteWebDriver.execute(RemoteWebDriver.java:552)
at org.openqa.selenium.remote.RemoteWebElement.execute(RemoteWebElement.java:285)
at org.openqa.selenium.remote.RemoteWebElement.click(RemoteWebElement.java:84)
at OperationsAppTasks.PPSSCUSLibScripts.OrderRelease(PPSSCUSLibScripts.java:501)
at java.util.ArrayList.forEach(ArrayList.java:1259)
... Removed 31 stack frames]]>
    </failure>
  </testcase> <!-- OrderRelease -->
  <testcase name="Transfercontainertoslot" time="33.05" classname="OperationsAppTasks.PPSSCUSLibScripts">
    <failure type="org.openqa.selenium.ElementNotInteractableException" message="element not interactable
  (Session info: chrome=90.0.4430.93)
Build info: version: &amp;apos;3.141.59&amp;apos;, revision: &amp;apos;e82be7d358&amp;apos;, time: &amp;apos;2018-11-14T08:25:53&amp;apos;
System info: host: &amp;apos;Matthews-MBP&amp;apos;, ip: &amp;apos;fe80:0:0:0:4c0:fada:7f0a:ee18%en0&amp;apos;, os.name: &amp;apos;Mac OS X&amp;apos;, os.arch: &amp;apos;x86_64&amp;apos;, os.version: &amp;apos;10.16&amp;apos;, java.version: &amp;apos;1.8.0_281&amp;apos;
Driver info: org.openqa.selenium.chrome.ChromeDriver
Capabilities {acceptInsecureCerts: false, browserName: chrome, browserVersion: 90.0.4430.93, chrome: {chromedriverVersion: 89.0.4389.23 (61b08ee2c5002..., userDataDir: /var/folders/g7/2ng20rsn15s...}, goog:chromeOptions: {debuggerAddress: localhost:58856}, javascriptEnabled: true, networkConnectionEnabled: false, pageLoadStrategy: normal, platform: MAC, platformName: MAC, proxy: Proxy(), setWindowRect: true, strictFileInteractability: false, timeouts: {implicit: 0, pageLoad: 300000, script: 30000}, unhandledPromptBehavior: dismiss and notify, webauthn:extension:largeBlob: true, webauthn:virtualAuthenticators: true}
Session ID: b47380e8a0519a8d260152e48ac6a911">
      <![CDATA[org.openqa.selenium.ElementNotInteractableException: element not interactable
  (Session info: chrome=90.0.4430.93)
Build info: version: '3.141.59', revision: 'e82be7d358', time: '2018-11-14T08:25:53'
System info: host: 'Matthews-MBP', ip: 'fe80:0:0:0:4c0:fada:7f0a:ee18%en0', os.name: 'Mac OS X', os.arch: 'x86_64', os.version: '10.16', java.version: '1.8.0_281'
Driver info: org.openqa.selenium.chrome.ChromeDriver
Capabilities {acceptInsecureCerts: false, browserName: chrome, browserVersion: 90.0.4430.93, chrome: {chromedriverVersion: 89.0.4389.23 (61b08ee2c5002..., userDataDir: /var/folders/g7/2ng20rsn15s...}, goog:chromeOptions: {debuggerAddress: localhost:58856}, javascriptEnabled: true, networkConnectionEnabled: false, pageLoadStrategy: normal, platform: MAC, platformName: MAC, proxy: Proxy(), setWindowRect: true, strictFileInteractability: false, timeouts: {implicit: 0, pageLoad: 300000, script: 30000}, unhandledPromptBehavior: dismiss and notify, webauthn:extension:largeBlob: true, webauthn:virtualAuthenticators: true}
Session ID: b47380e8a0519a8d260152e48ac6a911
at org.openqa.selenium.remote.http.W3CHttpResponseCodec.createException(W3CHttpResponseCodec.java:187)
at org.openqa.selenium.remote.http.W3CHttpResponseCodec.decode(W3CHttpResponseCodec.java:122)
at org.openqa.selenium.remote.http.W3CHttpResponseCodec.decode(W3CHttpResponseCodec.java:49)
at org.openqa.selenium.remote.HttpCommandExecutor.execute(HttpCommandExecutor.java:158)
at org.openqa.selenium.remote.service.DriverCommandExecutor.execute(DriverCommandExecutor.java:83)
at org.openqa.selenium.remote.RemoteWebDriver.execute(RemoteWebDriver.java:552)
at org.openqa.selenium.remote.RemoteWebElement.execute(RemoteWebElement.java:285)
at org.openqa.selenium.remote.RemoteWebElement.click(RemoteWebElement.java:84)
at OperationsAppTasks.PPSSCUSLibScripts.Transfercontainertoslot(PPSSCUSLibScripts.java:526)
at java.util.ArrayList.forEach(ArrayList.java:1259)
... Removed 31 stack frames]]>
    </failure>
  </testcase> <!-- Transfercontainertoslot -->
  <testcase name="TransferStock" time="34.029" classname="OperationsAppTasks.PPSSCUSLibScripts">
    <failure type="org.openqa.selenium.ElementNotInteractableException" message="element not interactable
  (Session info: chrome=90.0.4430.93)
Build info: version: &amp;apos;3.141.59&amp;apos;, revision: &amp;apos;e82be7d358&amp;apos;, time: &amp;apos;2018-11-14T08:25:53&amp;apos;
System info: host: &amp;apos;Matthews-MBP&amp;apos;, ip: &amp;apos;fe80:0:0:0:4c0:fada:7f0a:ee18%en0&amp;apos;, os.name: &amp;apos;Mac OS X&amp;apos;, os.arch: &amp;apos;x86_64&amp;apos;, os.version: &amp;apos;10.16&amp;apos;, java.version: &amp;apos;1.8.0_281&amp;apos;
Driver info: org.openqa.selenium.chrome.ChromeDriver
Capabilities {acceptInsecureCerts: false, browserName: chrome, browserVersion: 90.0.4430.93, chrome: {chromedriverVersion: 89.0.4389.23 (61b08ee2c5002..., userDataDir: /var/folders/g7/2ng20rsn15s...}, goog:chromeOptions: {debuggerAddress: localhost:58856}, javascriptEnabled: true, networkConnectionEnabled: false, pageLoadStrategy: normal, platform: MAC, platformName: MAC, proxy: Proxy(), setWindowRect: true, strictFileInteractability: false, timeouts: {implicit: 0, pageLoad: 300000, script: 30000}, unhandledPromptBehavior: dismiss and notify, webauthn:extension:largeBlob: true, webauthn:virtualAuthenticators: true}
Session ID: b47380e8a0519a8d260152e48ac6a911">
      <![CDATA[org.openqa.selenium.ElementNotInteractableException: element not interactable
  (Session info: chrome=90.0.4430.93)
Build info: version: '3.141.59', revision: 'e82be7d358', time: '2018-11-14T08:25:53'
System info: host: 'Matthews-MBP', ip: 'fe80:0:0:0:4c0:fada:7f0a:ee18%en0', os.name: 'Mac OS X', os.arch: 'x86_64', os.version: '10.16', java.version: '1.8.0_281'
Driver info: org.openqa.selenium.chrome.ChromeDriver
Capabilities {acceptInsecureCerts: false, browserName: chrome, browserVersion: 90.0.4430.93, chrome: {chromedriverVersion: 89.0.4389.23 (61b08ee2c5002..., userDataDir: /var/folders/g7/2ng20rsn15s...}, goog:chromeOptions: {debuggerAddress: localhost:58856}, javascriptEnabled: true, networkConnectionEnabled: false, pageLoadStrategy: normal, platform: MAC, platformName: MAC, proxy: Proxy(), setWindowRect: true, strictFileInteractability: false, timeouts: {implicit: 0, pageLoad: 300000, script: 30000}, unhandledPromptBehavior: dismiss and notify, webauthn:extension:largeBlob: true, webauthn:virtualAuthenticators: true}
Session ID: b47380e8a0519a8d260152e48ac6a911
at org.openqa.selenium.remote.http.W3CHttpResponseCodec.createException(W3CHttpResponseCodec.java:187)
at org.openqa.selenium.remote.http.W3CHttpResponseCodec.decode(W3CHttpResponseCodec.java:122)
at org.openqa.selenium.remote.http.W3CHttpResponseCodec.decode(W3CHttpResponseCodec.java:49)
at org.openqa.selenium.remote.HttpCommandExecutor.execute(HttpCommandExecutor.java:158)
at org.openqa.selenium.remote.service.DriverCommandExecutor.execute(DriverCommandExecutor.java:83)
at org.openqa.selenium.remote.RemoteWebDriver.execute(RemoteWebDriver.java:552)
at org.openqa.selenium.remote.RemoteWebElement.execute(RemoteWebElement.java:285)
at org.openqa.selenium.remote.RemoteWebElement.click(RemoteWebElement.java:84)
at OperationsAppTasks.PPSSCUSLibScripts.TransferStock(PPSSCUSLibScripts.java:550)
at java.util.ArrayList.forEach(ArrayList.java:1259)
... Removed 31 stack frames]]>
    </failure>
  </testcase> <!-- TransferStock -->
  <testcase name="Testcase1LoginFunctionality" time="6.107" classname="OperationsAppTasks.Logintoordercreation"/>
  <testcase name="BarcodeScanning" time="7.922" classname="OperationsAppTasks.Logintoordercreation"/>
  <testcase name="POSmodule" time="32.437" classname="OperationsAppTasks.Logintoordercreation"/>
  <testcase name="AddProductNeedsPicked" time="22.732" classname="OperationsAppTasks.Logintoordercreation"/>
  <testcase name="AddProductNeedsPicked2" time="59.312" classname="OperationsAppTasks.Logintoordercreation"/>
  <testcase name="AddProductNeedsPicked3" time="163.477" classname="OperationsAppTasks.Logintoordercreation"/>
  <testcase name="Createanorderwithpickedproducts" time="83.958" classname="OperationsAppTasks.Task1828POSModule"/>
  <testcase name="testAddproductmodule" time="43.725" classname="OperationsAppTasks.Task1828POSModule"/>
  <testcase name="testAddshirtmodule" time="12.285" classname="OperationsAppTasks.Task1828POSModule"/>
  <testcase name="Testmodule" time="14.22" classname="OperationsAppTasks.Task1828POSModule"/>
  <testcase name="testFlashlightmodule" time="16.174" classname="OperationsAppTasks.Task1828POSModule"/>
  <testcase name="Testcustomization" time="153.876" classname="OperationsAppTasks.Task1828POSModule"/>
  <testcase name="testOrderActions" time="35.995" classname="OperationsAppTasks.Task1828POSModule"/>
  <testcase name="testuploaddocument" time="12.428" classname="OperationsAppTasks.Task1828POSModule"/>
  <testcase name="testUserActions" time="92.884" classname="OperationsAppTasks.Task1828POSModule"/>
  <testcase name="testCheckoutmodule" time="168.631" classname="OperationsAppTasks.Task1828POSModule"/>
  <testcase name="Addnewcustomer" time="48.85" classname="OperationsAppTasks.Task1828POSModule">
    <failure type="org.openqa.selenium.NoSuchElementException" message="no such element: Unable to locate element: {&amp;quot;method&amp;quot;:&amp;quot;xpath&amp;quot;,&amp;quot;selector&amp;quot;:&amp;quot;//ion-button[text()=&amp;apos;Yes&amp;apos;]&amp;quot;}
  (Session info: chrome=90.0.4430.93)
For documentation on this error, please visit: https://www.seleniumhq.org/exceptions/no_such_element.html
Build info: version: &amp;apos;3.141.59&amp;apos;, revision: &amp;apos;e82be7d358&amp;apos;, time: &amp;apos;2018-11-14T08:25:53&amp;apos;
System info: host: &amp;apos;Matthews-MBP&amp;apos;, ip: &amp;apos;fe80:0:0:0:4c0:fada:7f0a:ee18%en0&amp;apos;, os.name: &amp;apos;Mac OS X&amp;apos;, os.arch: &amp;apos;x86_64&amp;apos;, os.version: &amp;apos;10.16&amp;apos;, java.version: &amp;apos;1.8.0_281&amp;apos;
Driver info: org.openqa.selenium.chrome.ChromeDriver
Capabilities {acceptInsecureCerts: false, browserName: chrome, browserVersion: 90.0.4430.93, chrome: {chromedriverVersion: 89.0.4389.23 (61b08ee2c5002..., userDataDir: /var/folders/g7/2ng20rsn15s...}, goog:chromeOptions: {debuggerAddress: localhost:63428}, javascriptEnabled: true, networkConnectionEnabled: false, pageLoadStrategy: normal, platform: MAC, platformName: MAC, proxy: Proxy(), setWindowRect: true, strictFileInteractability: false, timeouts: {implicit: 0, pageLoad: 300000, script: 30000}, unhandledPromptBehavior: dismiss and notify, webauthn:extension:largeBlob: true, webauthn:virtualAuthenticators: true}
Session ID: 5bad27dc4d0fc5c8ad0ebe8b4f892d7f
*** Element info: {Using=xpath, value=//ion-button[text()=&amp;apos;Yes&amp;apos;]}">
      <![CDATA[org.openqa.selenium.NoSuchElementException: no such element: Unable to locate element: {"method":"xpath","selector":"//ion-button[text()='Yes']"}
  (Session info: chrome=90.0.4430.93)
For documentation on this error, please visit: https://www.seleniumhq.org/exceptions/no_such_element.html
Build info: version: '3.141.59', revision: 'e82be7d358', time: '2018-11-14T08:25:53'
System info: host: 'Matthews-MBP', ip: 'fe80:0:0:0:4c0:fada:7f0a:ee18%en0', os.name: 'Mac OS X', os.arch: 'x86_64', os.version: '10.16', java.version: '1.8.0_281'
Driver info: org.openqa.selenium.chrome.ChromeDriver
Capabilities {acceptInsecureCerts: false, browserName: chrome, browserVersion: 90.0.4430.93, chrome: {chromedriverVersion: 89.0.4389.23 (61b08ee2c5002..., userDataDir: /var/folders/g7/2ng20rsn15s...}, goog:chromeOptions: {debuggerAddress: localhost:63428}, javascriptEnabled: true, networkConnectionEnabled: false, pageLoadStrategy: normal, platform: MAC, platformName: MAC, proxy: Proxy(), setWindowRect: true, strictFileInteractability: false, timeouts: {implicit: 0, pageLoad: 300000, script: 30000}, unhandledPromptBehavior: dismiss and notify, webauthn:extension:largeBlob: true, webauthn:virtualAuthenticators: true}
Session ID: 5bad27dc4d0fc5c8ad0ebe8b4f892d7f
*** Element info: {Using=xpath, value=//ion-button[text()='Yes']}
at org.openqa.selenium.remote.http.W3CHttpResponseCodec.createException(W3CHttpResponseCodec.java:187)
at org.openqa.selenium.remote.http.W3CHttpResponseCodec.decode(W3CHttpResponseCodec.java:122)
at org.openqa.selenium.remote.http.W3CHttpResponseCodec.decode(W3CHttpResponseCodec.java:49)
at org.openqa.selenium.remote.HttpCommandExecutor.execute(HttpCommandExecutor.java:158)
at org.openqa.selenium.remote.service.DriverCommandExecutor.execute(DriverCommandExecutor.java:83)
at org.openqa.selenium.remote.RemoteWebDriver.execute(RemoteWebDriver.java:552)
at org.openqa.selenium.remote.RemoteWebDriver.findElement(RemoteWebDriver.java:323)
at org.openqa.selenium.remote.RemoteWebDriver.findElementByXPath(RemoteWebDriver.java:428)
at org.openqa.selenium.By$ByXPath.findElement(By.java:353)
at org.openqa.selenium.remote.RemoteWebDriver.findElement(RemoteWebDriver.java:315)
at OperationsAppTasks.Task1828POSModule.Addnewcustomer(Task1828POSModule.java:782)
at java.util.ArrayList.forEach(ArrayList.java:1259)
... Removed 31 stack frames]]>
    </failure>
  </testcase> <!-- Addnewcustomer -->
  <testcase name="Orderpic" time="0.0" classname="OperationsAppTasks.PPSSCUSLibScripts">
    <ignored/>
  </testcase> <!-- Orderpic -->
  <testcase name="testViewddocuments" time="0.0" classname="OperationsAppTasks.Task1828POSModule">
    <ignored/>
  </testcase> <!-- testViewddocuments -->
</testsuite> <!-- Test -->
