<html>
<head>
<title>TestNG:  Test</title>
<link href="../testng.css" rel="stylesheet" type="text/css" />
<link href="../my-testng.css" rel="stylesheet" type="text/css" />

<style type="text/css">
.log { display: none;} 
.stack-trace { display: none;} 
</style>
<script type="text/javascript">
<!--
function flip(e) {
  current = e.style.display;
  if (current == 'block') {
    e.style.display = 'none';
    return 0;
  }
  else {
    e.style.display = 'block';
    return 1;
  }
}

function toggleBox(szDivId, elem, msg1, msg2)
{
  var res = -1;  if (document.getElementById) {
    res = flip(document.getElementById(szDivId));
  }
  else if (document.all) {
    // this is the way old msie versions work
    res = flip(document.all[szDivId]);
  }
  if(elem) {
    if(res == 0) elem.innerHTML = msg1; else elem.innerHTML = msg2;
  }

}

function toggleAllBoxes() {
  if (document.getElementsByTagName) {
    d = document.getElementsByTagName('div');
    for (i = 0; i < d.length; i++) {
      if (d[i].className == 'log') {
        flip(d[i]);
      }
    }
  }
}

// -->
</script>

</head>
<body>
<h2 align='center'>Test</h2><table border='1' align="center">
<tr>
<td>Tests passed/Failed/Skipped:</td><td>28/7/0</td>
</tr><tr>
<td>Started on:</td><td>Sat May 01 11:22:43 EDT 2021</td>
</tr>
<tr><td>Total time:</td><td>2165 seconds (2165853 ms)</td>
</tr><tr>
<td>Included groups:</td><td></td>
</tr><tr>
<td>Excluded groups:</td><td></td>
</tr>
</table><p/>
<small><i>(Hover the method name to see the test class name)</i></small><p/>
<table width='100%' border='1' class='invocation-failed'>
<tr><td colspan='4' align='center'><b>FAILED TESTS</b></td></tr>
<tr><td><b>Test method</b></td>
<td width="30%"><b>Exception</b></td>
<td width="10%"><b>Time (seconds)</b></td>
<td><b>Instance</b></td>
</tr>
<tr>
<td title='OperationsAppTasks.Task1828POSModule.Addnewcustomer()'><b>Addnewcustomer</b><br>Test class: OperationsAppTasks.Task1828POSModule</td>
<td><div><pre>org.openqa.selenium.NoSuchElementException: no such element: Unable to locate element: {&quot;method&quot;:&quot;xpath&quot;,&quot;selector&quot;:&quot;//ion-button[text()=&apos;Yes&apos;]&quot;}
  (Session info: chrome=90.0.4430.93)
For documentation on this error, please visit: https://www.seleniumhq.org/exceptions/no_such_element.html
Build info: version: &apos;3.141.59&apos;, revision: &apos;e82be7d358&apos;, time: &apos;2018-11-14T08:25:53&apos;
System info: host: &apos;Matthews-MBP&apos;, ip: &apos;fe80:0:0:0:4c0:fada:7f0a:ee18%en0&apos;, os.name: &apos;Mac OS X&apos;, os.arch: &apos;x86_64&apos;, os.version: &apos;10.16&apos;, java.version: &apos;1.8.0_281&apos;
Driver info: org.openqa.selenium.chrome.ChromeDriver
Capabilities {acceptInsecureCerts: false, browserName: chrome, browserVersion: 90.0.4430.93, chrome: {chromedriverVersion: 89.0.4389.23 (61b08ee2c5002..., userDataDir: /var/folders/g7/2ng20rsn15s...}, goog:chromeOptions: {debuggerAddress: localhost:63428}, javascriptEnabled: true, networkConnectionEnabled: false, pageLoadStrategy: normal, platform: MAC, platformName: MAC, proxy: Proxy(), setWindowRect: true, strictFileInteractability: false, timeouts: {implicit: 0, pageLoad: 300000, script: 30000}, unhandledPromptBehavior: dismiss and notify, webauthn:extension:largeBlob: true, webauthn:virtualAuthenticators: true}
Session ID: 5bad27dc4d0fc5c8ad0ebe8b4f892d7f
*** Element info: {Using=xpath, value=//ion-button[text()=&apos;Yes&apos;]}
	at org.openqa.selenium.remote.http.W3CHttpResponseCodec.createException(W3CHttpResponseCodec.java:187)
	at org.openqa.selenium.remote.http.W3CHttpResponseCodec.decode(W3CHttpResponseCodec.java:122)
	at org.openqa.selenium.remote.http.W3CHttpResponseCodec.decode(W3CHttpResponseCodec.java:49)
	at org.openqa.selenium.remote.HttpCommandExecutor.execute(HttpCommandExecutor.java:158)
	at org.openqa.selenium.remote.service.DriverCommandExecutor.execute(DriverCommandExecutor.java:83)
	at org.openqa.selenium.remote.RemoteWebDriver.execute(RemoteWebDriver.java:552)
	at org.openqa.selenium.remote.RemoteWebDriver.findElement(RemoteWebDriver.java:323)
	at org.openqa.selenium.remote.RemoteWebDriver.findElementByXPath(RemoteWebDriver.java:428)
	at org.openqa.selenium.By$ByXPath.findElement(By.java:353)
	at org.openqa.selenium.remote.RemoteWebDriver.findElement(RemoteWebDriver.java:315)
	at OperationsAppTasks.Task1828POSModule.Addnewcustomer(Task1828POSModule.java:782)
	at java.util.ArrayList.forEach(ArrayList.java:1259)
... Removed 31 stack frames</pre></div><a href='#' onClick='toggleBox("stack-trace602631443", this, "Click to show all stack frames", "Click to hide stack frames")'>Click to show all stack frames</a>
<div class='stack-trace' id='stack-trace602631443'><pre>org.openqa.selenium.NoSuchElementException: no such element: Unable to locate element: {&quot;method&quot;:&quot;xpath&quot;,&quot;selector&quot;:&quot;//ion-button[text()=&apos;Yes&apos;]&quot;}
  (Session info: chrome=90.0.4430.93)
For documentation on this error, please visit: https://www.seleniumhq.org/exceptions/no_such_element.html
Build info: version: &apos;3.141.59&apos;, revision: &apos;e82be7d358&apos;, time: &apos;2018-11-14T08:25:53&apos;
System info: host: &apos;Matthews-MBP&apos;, ip: &apos;fe80:0:0:0:4c0:fada:7f0a:ee18%en0&apos;, os.name: &apos;Mac OS X&apos;, os.arch: &apos;x86_64&apos;, os.version: &apos;10.16&apos;, java.version: &apos;1.8.0_281&apos;
Driver info: org.openqa.selenium.chrome.ChromeDriver
Capabilities {acceptInsecureCerts: false, browserName: chrome, browserVersion: 90.0.4430.93, chrome: {chromedriverVersion: 89.0.4389.23 (61b08ee2c5002..., userDataDir: /var/folders/g7/2ng20rsn15s...}, goog:chromeOptions: {debuggerAddress: localhost:63428}, javascriptEnabled: true, networkConnectionEnabled: false, pageLoadStrategy: normal, platform: MAC, platformName: MAC, proxy: Proxy(), setWindowRect: true, strictFileInteractability: false, timeouts: {implicit: 0, pageLoad: 300000, script: 30000}, unhandledPromptBehavior: dismiss and notify, webauthn:extension:largeBlob: true, webauthn:virtualAuthenticators: true}
Session ID: 5bad27dc4d0fc5c8ad0ebe8b4f892d7f
*** Element info: {Using=xpath, value=//ion-button[text()=&apos;Yes&apos;]}
	at sun.reflect.NativeConstructorAccessorImpl.newInstance0(Native Method)
	at sun.reflect.NativeConstructorAccessorImpl.newInstance(NativeConstructorAccessorImpl.java:62)
	at sun.reflect.DelegatingConstructorAccessorImpl.newInstance(DelegatingConstructorAccessorImpl.java:45)
	at java.lang.reflect.Constructor.newInstance(Constructor.java:423)
	at org.openqa.selenium.remote.http.W3CHttpResponseCodec.createException(W3CHttpResponseCodec.java:187)
	at org.openqa.selenium.remote.http.W3CHttpResponseCodec.decode(W3CHttpResponseCodec.java:122)
	at org.openqa.selenium.remote.http.W3CHttpResponseCodec.decode(W3CHttpResponseCodec.java:49)
	at org.openqa.selenium.remote.HttpCommandExecutor.execute(HttpCommandExecutor.java:158)
	at org.openqa.selenium.remote.service.DriverCommandExecutor.execute(DriverCommandExecutor.java:83)
	at org.openqa.selenium.remote.RemoteWebDriver.execute(RemoteWebDriver.java:552)
	at org.openqa.selenium.remote.RemoteWebDriver.findElement(RemoteWebDriver.java:323)
	at org.openqa.selenium.remote.RemoteWebDriver.findElementByXPath(RemoteWebDriver.java:428)
	at org.openqa.selenium.By$ByXPath.findElement(By.java:353)
	at org.openqa.selenium.remote.RemoteWebDriver.findElement(RemoteWebDriver.java:315)
	at OperationsAppTasks.Task1828POSModule.Addnewcustomer(Task1828POSModule.java:782)
	at sun.reflect.NativeMethodAccessorImpl.invoke0(Native Method)
	at sun.reflect.NativeMethodAccessorImpl.invoke(NativeMethodAccessorImpl.java:62)
	at sun.reflect.DelegatingMethodAccessorImpl.invoke(DelegatingMethodAccessorImpl.java:43)
	at java.lang.reflect.Method.invoke(Method.java:498)
	at org.testng.internal.MethodInvocationHelper.invokeMethod(MethodInvocationHelper.java:132)
	at org.testng.internal.TestInvoker.invokeMethod(TestInvoker.java:599)
	at org.testng.internal.TestInvoker.invokeTestMethod(TestInvoker.java:174)
	at org.testng.internal.MethodRunner.runInSequence(MethodRunner.java:46)
	at org.testng.internal.TestInvoker$MethodInvocationAgent.invoke(TestInvoker.java:822)
	at org.testng.internal.TestInvoker.invokeTestMethods(TestInvoker.java:147)
	at org.testng.internal.TestMethodWorker.invokeTestMethods(TestMethodWorker.java:146)
	at org.testng.internal.TestMethodWorker.run(TestMethodWorker.java:128)
	at java.util.ArrayList.forEach(ArrayList.java:1259)
	at org.testng.TestRunner.privateRun(TestRunner.java:764)
	at org.testng.TestRunner.run(TestRunner.java:585)
	at org.testng.SuiteRunner.runTest(SuiteRunner.java:384)
	at org.testng.SuiteRunner.runSequentially(SuiteRunner.java:378)
	at org.testng.SuiteRunner.privateRun(SuiteRunner.java:337)
	at org.testng.SuiteRunner.run(SuiteRunner.java:286)
	at org.testng.SuiteRunnerWorker.runSuite(SuiteRunnerWorker.java:53)
	at org.testng.SuiteRunnerWorker.run(SuiteRunnerWorker.java:96)
	at org.testng.TestNG.runSuitesSequentially(TestNG.java:1218)
	at org.testng.TestNG.runSuitesLocally(TestNG.java:1140)
	at org.testng.TestNG.runSuites(TestNG.java:1069)
	at org.testng.TestNG.run(TestNG.java:1037)
	at org.testng.remote.AbstractRemoteTestNG.run(AbstractRemoteTestNG.java:115)
	at org.testng.remote.RemoteTestNG.initAndRun(RemoteTestNG.java:251)
	at org.testng.remote.RemoteTestNG.main(RemoteTestNG.java:77)
</pre></div></td>
<td>48</td>
<td>OperationsAppTasks.Task1828POSModule@5a8806ef</td></tr>
<tr>
<td title='OperationsAppTasks.PPSSCUSLibScripts.Createanorderwithpickedproducts()'><b>Createanorderwithpickedproducts</b><br>Test class: OperationsAppTasks.PPSSCUSLibScripts<br/>
<a href="#Output-788344609" onClick='toggleBox("Output-788344609", this, "Show output", "Hide output");'>Show output</a>

<a href="#Output-788344609" onClick="toggleAllBoxes();">Show all outputs</a>
<div class='log' id="Output-788344609">
Clicked on Started New Order<br/>
Method ExecutedCreateanorderwithpickedproducts<br/>
</div>
</td>
<td><div><pre>java.lang.Error: Unresolved compilation problems: 
	Screenshot cannot be resolved to a type
	AShot cannot be resolved to a type
	ShootingStrategies cannot be resolved

	at com.pittsburgh.genericlib.Screenshotclass.takeSnapShot(Screenshotclass.java:28)
	at OperationsAppTasks.PPSSCUSLibScripts.Createanorderwithpickedproducts(PPSSCUSLibScripts.java:147)
	at java.util.ArrayList.forEach(ArrayList.java:1259)
... Removed 27 stack frames</pre></div><a href='#' onClick='toggleBox("stack-trace788344609", this, "Click to show all stack frames", "Click to hide stack frames")'>Click to show all stack frames</a>
<div class='stack-trace' id='stack-trace788344609'><pre>java.lang.Error: Unresolved compilation problems: 
	Screenshot cannot be resolved to a type
	AShot cannot be resolved to a type
	ShootingStrategies cannot be resolved

	at com.pittsburgh.genericlib.Screenshotclass.takeSnapShot(Screenshotclass.java:28)
	at OperationsAppTasks.PPSSCUSLibScripts.Createanorderwithpickedproducts(PPSSCUSLibScripts.java:147)
	at sun.reflect.NativeMethodAccessorImpl.invoke0(Native Method)
	at sun.reflect.NativeMethodAccessorImpl.invoke(NativeMethodAccessorImpl.java:62)
	at sun.reflect.DelegatingMethodAccessorImpl.invoke(DelegatingMethodAccessorImpl.java:43)
	at java.lang.reflect.Method.invoke(Method.java:498)
	at org.testng.internal.MethodInvocationHelper.invokeMethod(MethodInvocationHelper.java:132)
	at org.testng.internal.TestInvoker.invokeMethod(TestInvoker.java:599)
	at org.testng.internal.TestInvoker.invokeTestMethod(TestInvoker.java:174)
	at org.testng.internal.MethodRunner.runInSequence(MethodRunner.java:46)
	at org.testng.internal.TestInvoker$MethodInvocationAgent.invoke(TestInvoker.java:822)
	at org.testng.internal.TestInvoker.invokeTestMethods(TestInvoker.java:147)
	at org.testng.internal.TestMethodWorker.invokeTestMethods(TestMethodWorker.java:146)
	at org.testng.internal.TestMethodWorker.run(TestMethodWorker.java:128)
	at java.util.ArrayList.forEach(ArrayList.java:1259)
	at org.testng.TestRunner.privateRun(TestRunner.java:764)
	at org.testng.TestRunner.run(TestRunner.java:585)
	at org.testng.SuiteRunner.runTest(SuiteRunner.java:384)
	at org.testng.SuiteRunner.runSequentially(SuiteRunner.java:378)
	at org.testng.SuiteRunner.privateRun(SuiteRunner.java:337)
	at org.testng.SuiteRunner.run(SuiteRunner.java:286)
	at org.testng.SuiteRunnerWorker.runSuite(SuiteRunnerWorker.java:53)
	at org.testng.SuiteRunnerWorker.run(SuiteRunnerWorker.java:96)
	at org.testng.TestNG.runSuitesSequentially(TestNG.java:1218)
	at org.testng.TestNG.runSuitesLocally(TestNG.java:1140)
	at org.testng.TestNG.runSuites(TestNG.java:1069)
	at org.testng.TestNG.run(TestNG.java:1037)
	at org.testng.remote.AbstractRemoteTestNG.run(AbstractRemoteTestNG.java:115)
	at org.testng.remote.RemoteTestNG.initAndRun(RemoteTestNG.java:251)
	at org.testng.remote.RemoteTestNG.main(RemoteTestNG.java:77)
</pre></div></td>
<td>78</td>
<td>OperationsAppTasks.PPSSCUSLibScripts@7c29daf3</td></tr>
<tr>
<td title='OperationsAppTasks.PPSSCUSLibScripts.CreateoorderwithNeedsPicked()'><b>CreateoorderwithNeedsPicked</b><br>Test class: OperationsAppTasks.PPSSCUSLibScripts</td>
<td><div><pre>org.openqa.selenium.ElementClickInterceptedException: element click intercepted: Element &lt;span class=&quot;alert-button-inner sc-ion-alert-md&quot;&gt;...&lt;/span&gt; is not clickable at point (2664, 709). Other element would receive the click: &lt;button type=&quot;button&quot; class=&quot;alert-button ion-focusable ion-activatable sc-ion-alert-md&quot; tabindex=&quot;0&quot;&gt;...&lt;/button&gt;
  (Session info: chrome=90.0.4430.93)
Build info: version: &apos;3.141.59&apos;, revision: &apos;e82be7d358&apos;, time: &apos;2018-11-14T08:25:53&apos;
System info: host: &apos;Matthews-MBP&apos;, ip: &apos;fe80:0:0:0:4c0:fada:7f0a:ee18%en0&apos;, os.name: &apos;Mac OS X&apos;, os.arch: &apos;x86_64&apos;, os.version: &apos;10.16&apos;, java.version: &apos;1.8.0_281&apos;
Driver info: org.openqa.selenium.chrome.ChromeDriver
Capabilities {acceptInsecureCerts: false, browserName: chrome, browserVersion: 90.0.4430.93, chrome: {chromedriverVersion: 89.0.4389.23 (61b08ee2c5002..., userDataDir: /var/folders/g7/2ng20rsn15s...}, goog:chromeOptions: {debuggerAddress: localhost:58856}, javascriptEnabled: true, networkConnectionEnabled: false, pageLoadStrategy: normal, platform: MAC, platformName: MAC, proxy: Proxy(), setWindowRect: true, strictFileInteractability: false, timeouts: {implicit: 0, pageLoad: 300000, script: 30000}, unhandledPromptBehavior: dismiss and notify, webauthn:extension:largeBlob: true, webauthn:virtualAuthenticators: true}
Session ID: b47380e8a0519a8d260152e48ac6a911
	at org.openqa.selenium.remote.http.W3CHttpResponseCodec.createException(W3CHttpResponseCodec.java:187)
	at org.openqa.selenium.remote.http.W3CHttpResponseCodec.decode(W3CHttpResponseCodec.java:122)
	at org.openqa.selenium.remote.http.W3CHttpResponseCodec.decode(W3CHttpResponseCodec.java:49)
	at org.openqa.selenium.remote.HttpCommandExecutor.execute(HttpCommandExecutor.java:158)
	at org.openqa.selenium.remote.service.DriverCommandExecutor.execute(DriverCommandExecutor.java:83)
	at org.openqa.selenium.remote.RemoteWebDriver.execute(RemoteWebDriver.java:552)
	at org.openqa.selenium.remote.RemoteWebElement.execute(RemoteWebElement.java:285)
	at org.openqa.selenium.remote.RemoteWebElement.click(RemoteWebElement.java:84)
	at OperationsAppTasks.PPSSCUSLibScripts.CreateoorderwithNeedsPicked(PPSSCUSLibScripts.java:213)
	at java.util.ArrayList.forEach(ArrayList.java:1259)
... Removed 31 stack frames</pre></div><a href='#' onClick='toggleBox("stack-trace1211627902", this, "Click to show all stack frames", "Click to hide stack frames")'>Click to show all stack frames</a>
<div class='stack-trace' id='stack-trace1211627902'><pre>org.openqa.selenium.ElementClickInterceptedException: element click intercepted: Element &lt;span class=&quot;alert-button-inner sc-ion-alert-md&quot;&gt;...&lt;/span&gt; is not clickable at point (2664, 709). Other element would receive the click: &lt;button type=&quot;button&quot; class=&quot;alert-button ion-focusable ion-activatable sc-ion-alert-md&quot; tabindex=&quot;0&quot;&gt;...&lt;/button&gt;
  (Session info: chrome=90.0.4430.93)
Build info: version: &apos;3.141.59&apos;, revision: &apos;e82be7d358&apos;, time: &apos;2018-11-14T08:25:53&apos;
System info: host: &apos;Matthews-MBP&apos;, ip: &apos;fe80:0:0:0:4c0:fada:7f0a:ee18%en0&apos;, os.name: &apos;Mac OS X&apos;, os.arch: &apos;x86_64&apos;, os.version: &apos;10.16&apos;, java.version: &apos;1.8.0_281&apos;
Driver info: org.openqa.selenium.chrome.ChromeDriver
Capabilities {acceptInsecureCerts: false, browserName: chrome, browserVersion: 90.0.4430.93, chrome: {chromedriverVersion: 89.0.4389.23 (61b08ee2c5002..., userDataDir: /var/folders/g7/2ng20rsn15s...}, goog:chromeOptions: {debuggerAddress: localhost:58856}, javascriptEnabled: true, networkConnectionEnabled: false, pageLoadStrategy: normal, platform: MAC, platformName: MAC, proxy: Proxy(), setWindowRect: true, strictFileInteractability: false, timeouts: {implicit: 0, pageLoad: 300000, script: 30000}, unhandledPromptBehavior: dismiss and notify, webauthn:extension:largeBlob: true, webauthn:virtualAuthenticators: true}
Session ID: b47380e8a0519a8d260152e48ac6a911
	at sun.reflect.NativeConstructorAccessorImpl.newInstance0(Native Method)
	at sun.reflect.NativeConstructorAccessorImpl.newInstance(NativeConstructorAccessorImpl.java:62)
	at sun.reflect.DelegatingConstructorAccessorImpl.newInstance(DelegatingConstructorAccessorImpl.java:45)
	at java.lang.reflect.Constructor.newInstance(Constructor.java:423)
	at org.openqa.selenium.remote.http.W3CHttpResponseCodec.createException(W3CHttpResponseCodec.java:187)
	at org.openqa.selenium.remote.http.W3CHttpResponseCodec.decode(W3CHttpResponseCodec.java:122)
	at org.openqa.selenium.remote.http.W3CHttpResponseCodec.decode(W3CHttpResponseCodec.java:49)
	at org.openqa.selenium.remote.HttpCommandExecutor.execute(HttpCommandExecutor.java:158)
	at org.openqa.selenium.remote.service.DriverCommandExecutor.execute(DriverCommandExecutor.java:83)
	at org.openqa.selenium.remote.RemoteWebDriver.execute(RemoteWebDriver.java:552)
	at org.openqa.selenium.remote.RemoteWebElement.execute(RemoteWebElement.java:285)
	at org.openqa.selenium.remote.RemoteWebElement.click(RemoteWebElement.java:84)
	at OperationsAppTasks.PPSSCUSLibScripts.CreateoorderwithNeedsPicked(PPSSCUSLibScripts.java:213)
	at sun.reflect.NativeMethodAccessorImpl.invoke0(Native Method)
	at sun.reflect.NativeMethodAccessorImpl.invoke(NativeMethodAccessorImpl.java:62)
	at sun.reflect.DelegatingMethodAccessorImpl.invoke(DelegatingMethodAccessorImpl.java:43)
	at java.lang.reflect.Method.invoke(Method.java:498)
	at org.testng.internal.MethodInvocationHelper.invokeMethod(MethodInvocationHelper.java:132)
	at org.testng.internal.TestInvoker.invokeMethod(TestInvoker.java:599)
	at org.testng.internal.TestInvoker.invokeTestMethod(TestInvoker.java:174)
	at org.testng.internal.MethodRunner.runInSequence(MethodRunner.java:46)
	at org.testng.internal.TestInvoker$MethodInvocationAgent.invoke(TestInvoker.java:822)
	at org.testng.internal.TestInvoker.invokeTestMethods(TestInvoker.java:147)
	at org.testng.internal.TestMethodWorker.invokeTestMethods(TestMethodWorker.java:146)
	at org.testng.internal.TestMethodWorker.run(TestMethodWorker.java:128)
	at java.util.ArrayList.forEach(ArrayList.java:1259)
	at org.testng.TestRunner.privateRun(TestRunner.java:764)
	at org.testng.TestRunner.run(TestRunner.java:585)
	at org.testng.SuiteRunner.runTest(SuiteRunner.java:384)
	at org.testng.SuiteRunner.runSequentially(SuiteRunner.java:378)
	at org.testng.SuiteRunner.privateRun(SuiteRunner.java:337)
	at org.testng.SuiteRunner.run(SuiteRunner.java:286)
	at org.testng.SuiteRunnerWorker.runSuite(SuiteRunnerWorker.java:53)
	at org.testng.SuiteRunnerWorker.run(SuiteRunnerWorker.java:96)
	at org.testng.TestNG.runSuitesSequentially(TestNG.java:1218)
	at org.testng.TestNG.runSuitesLocally(TestNG.java:1140)
	at org.testng.TestNG.runSuites(TestNG.java:1069)
	at org.testng.TestNG.run(TestNG.java:1037)
	at org.testng.remote.AbstractRemoteTestNG.run(AbstractRemoteTestNG.java:115)
	at org.testng.remote.RemoteTestNG.initAndRun(RemoteTestNG.java:251)
	at org.testng.remote.RemoteTestNG.main(RemoteTestNG.java:77)
</pre></div></td>
<td>64</td>
<td>OperationsAppTasks.PPSSCUSLibScripts@7c29daf3</td></tr>
<tr>
<td title='OperationsAppTasks.PPSSCUSLibScripts.OrderProcess()'><b>OrderProcess</b><br>Test class: OperationsAppTasks.PPSSCUSLibScripts</td>
<td><div><pre>org.openqa.selenium.ElementClickInterceptedException: element click intercepted: Element &lt;ion-button _ngcontent-cug-c37=&quot;&quot; class=&quot;md button button-solid ion-activatable ion-focusable hydrated&quot;&gt;...&lt;/ion-button&gt; is not clickable at point (56, 228). Other element would receive the click: &lt;ion-backdrop class=&quot;sc-ion-alert-md md hydrated&quot; tabindex=&quot;-1&quot;&gt;&lt;/ion-backdrop&gt;
  (Session info: chrome=90.0.4430.93)
Build info: version: &apos;3.141.59&apos;, revision: &apos;e82be7d358&apos;, time: &apos;2018-11-14T08:25:53&apos;
System info: host: &apos;Matthews-MBP&apos;, ip: &apos;fe80:0:0:0:4c0:fada:7f0a:ee18%en0&apos;, os.name: &apos;Mac OS X&apos;, os.arch: &apos;x86_64&apos;, os.version: &apos;10.16&apos;, java.version: &apos;1.8.0_281&apos;
Driver info: org.openqa.selenium.chrome.ChromeDriver
Capabilities {acceptInsecureCerts: false, browserName: chrome, browserVersion: 90.0.4430.93, chrome: {chromedriverVersion: 89.0.4389.23 (61b08ee2c5002..., userDataDir: /var/folders/g7/2ng20rsn15s...}, goog:chromeOptions: {debuggerAddress: localhost:58856}, javascriptEnabled: true, networkConnectionEnabled: false, pageLoadStrategy: normal, platform: MAC, platformName: MAC, proxy: Proxy(), setWindowRect: true, strictFileInteractability: false, timeouts: {implicit: 0, pageLoad: 300000, script: 30000}, unhandledPromptBehavior: dismiss and notify, webauthn:extension:largeBlob: true, webauthn:virtualAuthenticators: true}
Session ID: b47380e8a0519a8d260152e48ac6a911
	at org.openqa.selenium.remote.http.W3CHttpResponseCodec.createException(W3CHttpResponseCodec.java:187)
	at org.openqa.selenium.remote.http.W3CHttpResponseCodec.decode(W3CHttpResponseCodec.java:122)
	at org.openqa.selenium.remote.http.W3CHttpResponseCodec.decode(W3CHttpResponseCodec.java:49)
	at org.openqa.selenium.remote.HttpCommandExecutor.execute(HttpCommandExecutor.java:158)
	at org.openqa.selenium.remote.service.DriverCommandExecutor.execute(DriverCommandExecutor.java:83)
	at org.openqa.selenium.remote.RemoteWebDriver.execute(RemoteWebDriver.java:552)
	at org.openqa.selenium.remote.RemoteWebElement.execute(RemoteWebElement.java:285)
	at org.openqa.selenium.remote.RemoteWebElement.click(RemoteWebElement.java:84)
	at OperationsAppTasks.PPSSCUSLibScripts.OrderProcess(PPSSCUSLibScripts.java:368)
	at java.util.ArrayList.forEach(ArrayList.java:1259)
... Removed 31 stack frames</pre></div><a href='#' onClick='toggleBox("stack-trace700171836", this, "Click to show all stack frames", "Click to hide stack frames")'>Click to show all stack frames</a>
<div class='stack-trace' id='stack-trace700171836'><pre>org.openqa.selenium.ElementClickInterceptedException: element click intercepted: Element &lt;ion-button _ngcontent-cug-c37=&quot;&quot; class=&quot;md button button-solid ion-activatable ion-focusable hydrated&quot;&gt;...&lt;/ion-button&gt; is not clickable at point (56, 228). Other element would receive the click: &lt;ion-backdrop class=&quot;sc-ion-alert-md md hydrated&quot; tabindex=&quot;-1&quot;&gt;&lt;/ion-backdrop&gt;
  (Session info: chrome=90.0.4430.93)
Build info: version: &apos;3.141.59&apos;, revision: &apos;e82be7d358&apos;, time: &apos;2018-11-14T08:25:53&apos;
System info: host: &apos;Matthews-MBP&apos;, ip: &apos;fe80:0:0:0:4c0:fada:7f0a:ee18%en0&apos;, os.name: &apos;Mac OS X&apos;, os.arch: &apos;x86_64&apos;, os.version: &apos;10.16&apos;, java.version: &apos;1.8.0_281&apos;
Driver info: org.openqa.selenium.chrome.ChromeDriver
Capabilities {acceptInsecureCerts: false, browserName: chrome, browserVersion: 90.0.4430.93, chrome: {chromedriverVersion: 89.0.4389.23 (61b08ee2c5002..., userDataDir: /var/folders/g7/2ng20rsn15s...}, goog:chromeOptions: {debuggerAddress: localhost:58856}, javascriptEnabled: true, networkConnectionEnabled: false, pageLoadStrategy: normal, platform: MAC, platformName: MAC, proxy: Proxy(), setWindowRect: true, strictFileInteractability: false, timeouts: {implicit: 0, pageLoad: 300000, script: 30000}, unhandledPromptBehavior: dismiss and notify, webauthn:extension:largeBlob: true, webauthn:virtualAuthenticators: true}
Session ID: b47380e8a0519a8d260152e48ac6a911
	at sun.reflect.NativeConstructorAccessorImpl.newInstance0(Native Method)
	at sun.reflect.NativeConstructorAccessorImpl.newInstance(NativeConstructorAccessorImpl.java:62)
	at sun.reflect.DelegatingConstructorAccessorImpl.newInstance(DelegatingConstructorAccessorImpl.java:45)
	at java.lang.reflect.Constructor.newInstance(Constructor.java:423)
	at org.openqa.selenium.remote.http.W3CHttpResponseCodec.createException(W3CHttpResponseCodec.java:187)
	at org.openqa.selenium.remote.http.W3CHttpResponseCodec.decode(W3CHttpResponseCodec.java:122)
	at org.openqa.selenium.remote.http.W3CHttpResponseCodec.decode(W3CHttpResponseCodec.java:49)
	at org.openqa.selenium.remote.HttpCommandExecutor.execute(HttpCommandExecutor.java:158)
	at org.openqa.selenium.remote.service.DriverCommandExecutor.execute(DriverCommandExecutor.java:83)
	at org.openqa.selenium.remote.RemoteWebDriver.execute(RemoteWebDriver.java:552)
	at org.openqa.selenium.remote.RemoteWebElement.execute(RemoteWebElement.java:285)
	at org.openqa.selenium.remote.RemoteWebElement.click(RemoteWebElement.java:84)
	at OperationsAppTasks.PPSSCUSLibScripts.OrderProcess(PPSSCUSLibScripts.java:368)
	at sun.reflect.NativeMethodAccessorImpl.invoke0(Native Method)
	at sun.reflect.NativeMethodAccessorImpl.invoke(NativeMethodAccessorImpl.java:62)
	at sun.reflect.DelegatingMethodAccessorImpl.invoke(DelegatingMethodAccessorImpl.java:43)
	at java.lang.reflect.Method.invoke(Method.java:498)
	at org.testng.internal.MethodInvocationHelper.invokeMethod(MethodInvocationHelper.java:132)
	at org.testng.internal.TestInvoker.invokeMethod(TestInvoker.java:599)
	at org.testng.internal.TestInvoker.invokeTestMethod(TestInvoker.java:174)
	at org.testng.internal.MethodRunner.runInSequence(MethodRunner.java:46)
	at org.testng.internal.TestInvoker$MethodInvocationAgent.invoke(TestInvoker.java:822)
	at org.testng.internal.TestInvoker.invokeTestMethods(TestInvoker.java:147)
	at org.testng.internal.TestMethodWorker.invokeTestMethods(TestMethodWorker.java:146)
	at org.testng.internal.TestMethodWorker.run(TestMethodWorker.java:128)
	at java.util.ArrayList.forEach(ArrayList.java:1259)
	at org.testng.TestRunner.privateRun(TestRunner.java:764)
	at org.testng.TestRunner.run(TestRunner.java:585)
	at org.testng.SuiteRunner.runTest(SuiteRunner.java:384)
	at org.testng.SuiteRunner.runSequentially(SuiteRunner.java:378)
	at org.testng.SuiteRunner.privateRun(SuiteRunner.java:337)
	at org.testng.SuiteRunner.run(SuiteRunner.java:286)
	at org.testng.SuiteRunnerWorker.runSuite(SuiteRunnerWorker.java:53)
	at org.testng.SuiteRunnerWorker.run(SuiteRunnerWorker.java:96)
	at org.testng.TestNG.runSuitesSequentially(TestNG.java:1218)
	at org.testng.TestNG.runSuitesLocally(TestNG.java:1140)
	at org.testng.TestNG.runSuites(TestNG.java:1069)
	at org.testng.TestNG.run(TestNG.java:1037)
	at org.testng.remote.AbstractRemoteTestNG.run(AbstractRemoteTestNG.java:115)
	at org.testng.remote.RemoteTestNG.initAndRun(RemoteTestNG.java:251)
	at org.testng.remote.RemoteTestNG.main(RemoteTestNG.java:77)
</pre></div></td>
<td>22</td>
<td>OperationsAppTasks.PPSSCUSLibScripts@7c29daf3</td></tr>
<tr>
<td title='OperationsAppTasks.PPSSCUSLibScripts.OrderRelease()'><b>OrderRelease</b><br>Test class: OperationsAppTasks.PPSSCUSLibScripts</td>
<td><div><pre>org.openqa.selenium.ElementClickInterceptedException: element click intercepted: Element &lt;tr _ngcontent-cug-c38=&quot;&quot; class=&quot;mat-row ng-star-inserted&quot; mat-row=&quot;&quot; role=&quot;row&quot;&gt;...&lt;/tr&gt; is not clickable at point (2560, 136). Other element would receive the click: &lt;ion-backdrop class=&quot;sc-ion-alert-md md hydrated&quot; tabindex=&quot;-1&quot;&gt;&lt;/ion-backdrop&gt;
  (Session info: chrome=90.0.4430.93)
Build info: version: &apos;3.141.59&apos;, revision: &apos;e82be7d358&apos;, time: &apos;2018-11-14T08:25:53&apos;
System info: host: &apos;Matthews-MBP&apos;, ip: &apos;fe80:0:0:0:4c0:fada:7f0a:ee18%en0&apos;, os.name: &apos;Mac OS X&apos;, os.arch: &apos;x86_64&apos;, os.version: &apos;10.16&apos;, java.version: &apos;1.8.0_281&apos;
Driver info: org.openqa.selenium.chrome.ChromeDriver
Capabilities {acceptInsecureCerts: false, browserName: chrome, browserVersion: 90.0.4430.93, chrome: {chromedriverVersion: 89.0.4389.23 (61b08ee2c5002..., userDataDir: /var/folders/g7/2ng20rsn15s...}, goog:chromeOptions: {debuggerAddress: localhost:58856}, javascriptEnabled: true, networkConnectionEnabled: false, pageLoadStrategy: normal, platform: MAC, platformName: MAC, proxy: Proxy(), setWindowRect: true, strictFileInteractability: false, timeouts: {implicit: 0, pageLoad: 300000, script: 30000}, unhandledPromptBehavior: dismiss and notify, webauthn:extension:largeBlob: true, webauthn:virtualAuthenticators: true}
Session ID: b47380e8a0519a8d260152e48ac6a911
	at org.openqa.selenium.remote.http.W3CHttpResponseCodec.createException(W3CHttpResponseCodec.java:187)
	at org.openqa.selenium.remote.http.W3CHttpResponseCodec.decode(W3CHttpResponseCodec.java:122)
	at org.openqa.selenium.remote.http.W3CHttpResponseCodec.decode(W3CHttpResponseCodec.java:49)
	at org.openqa.selenium.remote.HttpCommandExecutor.execute(HttpCommandExecutor.java:158)
	at org.openqa.selenium.remote.service.DriverCommandExecutor.execute(DriverCommandExecutor.java:83)
	at org.openqa.selenium.remote.RemoteWebDriver.execute(RemoteWebDriver.java:552)
	at org.openqa.selenium.remote.RemoteWebElement.execute(RemoteWebElement.java:285)
	at org.openqa.selenium.remote.RemoteWebElement.click(RemoteWebElement.java:84)
	at OperationsAppTasks.PPSSCUSLibScripts.OrderRelease(PPSSCUSLibScripts.java:501)
	at java.util.ArrayList.forEach(ArrayList.java:1259)
... Removed 31 stack frames</pre></div><a href='#' onClick='toggleBox("stack-trace123458189", this, "Click to show all stack frames", "Click to hide stack frames")'>Click to show all stack frames</a>
<div class='stack-trace' id='stack-trace123458189'><pre>org.openqa.selenium.ElementClickInterceptedException: element click intercepted: Element &lt;tr _ngcontent-cug-c38=&quot;&quot; class=&quot;mat-row ng-star-inserted&quot; mat-row=&quot;&quot; role=&quot;row&quot;&gt;...&lt;/tr&gt; is not clickable at point (2560, 136). Other element would receive the click: &lt;ion-backdrop class=&quot;sc-ion-alert-md md hydrated&quot; tabindex=&quot;-1&quot;&gt;&lt;/ion-backdrop&gt;
  (Session info: chrome=90.0.4430.93)
Build info: version: &apos;3.141.59&apos;, revision: &apos;e82be7d358&apos;, time: &apos;2018-11-14T08:25:53&apos;
System info: host: &apos;Matthews-MBP&apos;, ip: &apos;fe80:0:0:0:4c0:fada:7f0a:ee18%en0&apos;, os.name: &apos;Mac OS X&apos;, os.arch: &apos;x86_64&apos;, os.version: &apos;10.16&apos;, java.version: &apos;1.8.0_281&apos;
Driver info: org.openqa.selenium.chrome.ChromeDriver
Capabilities {acceptInsecureCerts: false, browserName: chrome, browserVersion: 90.0.4430.93, chrome: {chromedriverVersion: 89.0.4389.23 (61b08ee2c5002..., userDataDir: /var/folders/g7/2ng20rsn15s...}, goog:chromeOptions: {debuggerAddress: localhost:58856}, javascriptEnabled: true, networkConnectionEnabled: false, pageLoadStrategy: normal, platform: MAC, platformName: MAC, proxy: Proxy(), setWindowRect: true, strictFileInteractability: false, timeouts: {implicit: 0, pageLoad: 300000, script: 30000}, unhandledPromptBehavior: dismiss and notify, webauthn:extension:largeBlob: true, webauthn:virtualAuthenticators: true}
Session ID: b47380e8a0519a8d260152e48ac6a911
	at sun.reflect.NativeConstructorAccessorImpl.newInstance0(Native Method)
	at sun.reflect.NativeConstructorAccessorImpl.newInstance(NativeConstructorAccessorImpl.java:62)
	at sun.reflect.DelegatingConstructorAccessorImpl.newInstance(DelegatingConstructorAccessorImpl.java:45)
	at java.lang.reflect.Constructor.newInstance(Constructor.java:423)
	at org.openqa.selenium.remote.http.W3CHttpResponseCodec.createException(W3CHttpResponseCodec.java:187)
	at org.openqa.selenium.remote.http.W3CHttpResponseCodec.decode(W3CHttpResponseCodec.java:122)
	at org.openqa.selenium.remote.http.W3CHttpResponseCodec.decode(W3CHttpResponseCodec.java:49)
	at org.openqa.selenium.remote.HttpCommandExecutor.execute(HttpCommandExecutor.java:158)
	at org.openqa.selenium.remote.service.DriverCommandExecutor.execute(DriverCommandExecutor.java:83)
	at org.openqa.selenium.remote.RemoteWebDriver.execute(RemoteWebDriver.java:552)
	at org.openqa.selenium.remote.RemoteWebElement.execute(RemoteWebElement.java:285)
	at org.openqa.selenium.remote.RemoteWebElement.click(RemoteWebElement.java:84)
	at OperationsAppTasks.PPSSCUSLibScripts.OrderRelease(PPSSCUSLibScripts.java:501)
	at sun.reflect.NativeMethodAccessorImpl.invoke0(Native Method)
	at sun.reflect.NativeMethodAccessorImpl.invoke(NativeMethodAccessorImpl.java:62)
	at sun.reflect.DelegatingMethodAccessorImpl.invoke(DelegatingMethodAccessorImpl.java:43)
	at java.lang.reflect.Method.invoke(Method.java:498)
	at org.testng.internal.MethodInvocationHelper.invokeMethod(MethodInvocationHelper.java:132)
	at org.testng.internal.TestInvoker.invokeMethod(TestInvoker.java:599)
	at org.testng.internal.TestInvoker.invokeTestMethod(TestInvoker.java:174)
	at org.testng.internal.MethodRunner.runInSequence(MethodRunner.java:46)
	at org.testng.internal.TestInvoker$MethodInvocationAgent.invoke(TestInvoker.java:822)
	at org.testng.internal.TestInvoker.invokeTestMethods(TestInvoker.java:147)
	at org.testng.internal.TestMethodWorker.invokeTestMethods(TestMethodWorker.java:146)
	at org.testng.internal.TestMethodWorker.run(TestMethodWorker.java:128)
	at java.util.ArrayList.forEach(ArrayList.java:1259)
	at org.testng.TestRunner.privateRun(TestRunner.java:764)
	at org.testng.TestRunner.run(TestRunner.java:585)
	at org.testng.SuiteRunner.runTest(SuiteRunner.java:384)
	at org.testng.SuiteRunner.runSequentially(SuiteRunner.java:378)
	at org.testng.SuiteRunner.privateRun(SuiteRunner.java:337)
	at org.testng.SuiteRunner.run(SuiteRunner.java:286)
	at org.testng.SuiteRunnerWorker.runSuite(SuiteRunnerWorker.java:53)
	at org.testng.SuiteRunnerWorker.run(SuiteRunnerWorker.java:96)
	at org.testng.TestNG.runSuitesSequentially(TestNG.java:1218)
	at org.testng.TestNG.runSuitesLocally(TestNG.java:1140)
	at org.testng.TestNG.runSuites(TestNG.java:1069)
	at org.testng.TestNG.run(TestNG.java:1037)
	at org.testng.remote.AbstractRemoteTestNG.run(AbstractRemoteTestNG.java:115)
	at org.testng.remote.RemoteTestNG.initAndRun(RemoteTestNG.java:251)
	at org.testng.remote.RemoteTestNG.main(RemoteTestNG.java:77)
</pre></div></td>
<td>7</td>
<td>OperationsAppTasks.PPSSCUSLibScripts@7c29daf3</td></tr>
<tr>
<td title='OperationsAppTasks.PPSSCUSLibScripts.TransferStock()'><b>TransferStock</b><br>Test class: OperationsAppTasks.PPSSCUSLibScripts</td>
<td><div><pre>org.openqa.selenium.ElementNotInteractableException: element not interactable
  (Session info: chrome=90.0.4430.93)
Build info: version: &apos;3.141.59&apos;, revision: &apos;e82be7d358&apos;, time: &apos;2018-11-14T08:25:53&apos;
System info: host: &apos;Matthews-MBP&apos;, ip: &apos;fe80:0:0:0:4c0:fada:7f0a:ee18%en0&apos;, os.name: &apos;Mac OS X&apos;, os.arch: &apos;x86_64&apos;, os.version: &apos;10.16&apos;, java.version: &apos;1.8.0_281&apos;
Driver info: org.openqa.selenium.chrome.ChromeDriver
Capabilities {acceptInsecureCerts: false, browserName: chrome, browserVersion: 90.0.4430.93, chrome: {chromedriverVersion: 89.0.4389.23 (61b08ee2c5002..., userDataDir: /var/folders/g7/2ng20rsn15s...}, goog:chromeOptions: {debuggerAddress: localhost:58856}, javascriptEnabled: true, networkConnectionEnabled: false, pageLoadStrategy: normal, platform: MAC, platformName: MAC, proxy: Proxy(), setWindowRect: true, strictFileInteractability: false, timeouts: {implicit: 0, pageLoad: 300000, script: 30000}, unhandledPromptBehavior: dismiss and notify, webauthn:extension:largeBlob: true, webauthn:virtualAuthenticators: true}
Session ID: b47380e8a0519a8d260152e48ac6a911
	at org.openqa.selenium.remote.http.W3CHttpResponseCodec.createException(W3CHttpResponseCodec.java:187)
	at org.openqa.selenium.remote.http.W3CHttpResponseCodec.decode(W3CHttpResponseCodec.java:122)
	at org.openqa.selenium.remote.http.W3CHttpResponseCodec.decode(W3CHttpResponseCodec.java:49)
	at org.openqa.selenium.remote.HttpCommandExecutor.execute(HttpCommandExecutor.java:158)
	at org.openqa.selenium.remote.service.DriverCommandExecutor.execute(DriverCommandExecutor.java:83)
	at org.openqa.selenium.remote.RemoteWebDriver.execute(RemoteWebDriver.java:552)
	at org.openqa.selenium.remote.RemoteWebElement.execute(RemoteWebElement.java:285)
	at org.openqa.selenium.remote.RemoteWebElement.click(RemoteWebElement.java:84)
	at OperationsAppTasks.PPSSCUSLibScripts.TransferStock(PPSSCUSLibScripts.java:550)
	at java.util.ArrayList.forEach(ArrayList.java:1259)
... Removed 31 stack frames</pre></div><a href='#' onClick='toggleBox("stack-trace1444912530", this, "Click to show all stack frames", "Click to hide stack frames")'>Click to show all stack frames</a>
<div class='stack-trace' id='stack-trace1444912530'><pre>org.openqa.selenium.ElementNotInteractableException: element not interactable
  (Session info: chrome=90.0.4430.93)
Build info: version: &apos;3.141.59&apos;, revision: &apos;e82be7d358&apos;, time: &apos;2018-11-14T08:25:53&apos;
System info: host: &apos;Matthews-MBP&apos;, ip: &apos;fe80:0:0:0:4c0:fada:7f0a:ee18%en0&apos;, os.name: &apos;Mac OS X&apos;, os.arch: &apos;x86_64&apos;, os.version: &apos;10.16&apos;, java.version: &apos;1.8.0_281&apos;
Driver info: org.openqa.selenium.chrome.ChromeDriver
Capabilities {acceptInsecureCerts: false, browserName: chrome, browserVersion: 90.0.4430.93, chrome: {chromedriverVersion: 89.0.4389.23 (61b08ee2c5002..., userDataDir: /var/folders/g7/2ng20rsn15s...}, goog:chromeOptions: {debuggerAddress: localhost:58856}, javascriptEnabled: true, networkConnectionEnabled: false, pageLoadStrategy: normal, platform: MAC, platformName: MAC, proxy: Proxy(), setWindowRect: true, strictFileInteractability: false, timeouts: {implicit: 0, pageLoad: 300000, script: 30000}, unhandledPromptBehavior: dismiss and notify, webauthn:extension:largeBlob: true, webauthn:virtualAuthenticators: true}
Session ID: b47380e8a0519a8d260152e48ac6a911
	at sun.reflect.NativeConstructorAccessorImpl.newInstance0(Native Method)
	at sun.reflect.NativeConstructorAccessorImpl.newInstance(NativeConstructorAccessorImpl.java:62)
	at sun.reflect.DelegatingConstructorAccessorImpl.newInstance(DelegatingConstructorAccessorImpl.java:45)
	at java.lang.reflect.Constructor.newInstance(Constructor.java:423)
	at org.openqa.selenium.remote.http.W3CHttpResponseCodec.createException(W3CHttpResponseCodec.java:187)
	at org.openqa.selenium.remote.http.W3CHttpResponseCodec.decode(W3CHttpResponseCodec.java:122)
	at org.openqa.selenium.remote.http.W3CHttpResponseCodec.decode(W3CHttpResponseCodec.java:49)
	at org.openqa.selenium.remote.HttpCommandExecutor.execute(HttpCommandExecutor.java:158)
	at org.openqa.selenium.remote.service.DriverCommandExecutor.execute(DriverCommandExecutor.java:83)
	at org.openqa.selenium.remote.RemoteWebDriver.execute(RemoteWebDriver.java:552)
	at org.openqa.selenium.remote.RemoteWebElement.execute(RemoteWebElement.java:285)
	at org.openqa.selenium.remote.RemoteWebElement.click(RemoteWebElement.java:84)
	at OperationsAppTasks.PPSSCUSLibScripts.TransferStock(PPSSCUSLibScripts.java:550)
	at sun.reflect.NativeMethodAccessorImpl.invoke0(Native Method)
	at sun.reflect.NativeMethodAccessorImpl.invoke(NativeMethodAccessorImpl.java:62)
	at sun.reflect.DelegatingMethodAccessorImpl.invoke(DelegatingMethodAccessorImpl.java:43)
	at java.lang.reflect.Method.invoke(Method.java:498)
	at org.testng.internal.MethodInvocationHelper.invokeMethod(MethodInvocationHelper.java:132)
	at org.testng.internal.TestInvoker.invokeMethod(TestInvoker.java:599)
	at org.testng.internal.TestInvoker.invokeTestMethod(TestInvoker.java:174)
	at org.testng.internal.MethodRunner.runInSequence(MethodRunner.java:46)
	at org.testng.internal.TestInvoker$MethodInvocationAgent.invoke(TestInvoker.java:822)
	at org.testng.internal.TestInvoker.invokeTestMethods(TestInvoker.java:147)
	at org.testng.internal.TestMethodWorker.invokeTestMethods(TestMethodWorker.java:146)
	at org.testng.internal.TestMethodWorker.run(TestMethodWorker.java:128)
	at java.util.ArrayList.forEach(ArrayList.java:1259)
	at org.testng.TestRunner.privateRun(TestRunner.java:764)
	at org.testng.TestRunner.run(TestRunner.java:585)
	at org.testng.SuiteRunner.runTest(SuiteRunner.java:384)
	at org.testng.SuiteRunner.runSequentially(SuiteRunner.java:378)
	at org.testng.SuiteRunner.privateRun(SuiteRunner.java:337)
	at org.testng.SuiteRunner.run(SuiteRunner.java:286)
	at org.testng.SuiteRunnerWorker.runSuite(SuiteRunnerWorker.java:53)
	at org.testng.SuiteRunnerWorker.run(SuiteRunnerWorker.java:96)
	at org.testng.TestNG.runSuitesSequentially(TestNG.java:1218)
	at org.testng.TestNG.runSuitesLocally(TestNG.java:1140)
	at org.testng.TestNG.runSuites(TestNG.java:1069)
	at org.testng.TestNG.run(TestNG.java:1037)
	at org.testng.remote.AbstractRemoteTestNG.run(AbstractRemoteTestNG.java:115)
	at org.testng.remote.RemoteTestNG.initAndRun(RemoteTestNG.java:251)
	at org.testng.remote.RemoteTestNG.main(RemoteTestNG.java:77)
</pre></div></td>
<td>34</td>
<td>OperationsAppTasks.PPSSCUSLibScripts@7c29daf3</td></tr>
<tr>
<td title='OperationsAppTasks.PPSSCUSLibScripts.Transfercontainertoslot()'><b>Transfercontainertoslot</b><br>Test class: OperationsAppTasks.PPSSCUSLibScripts</td>
<td><div><pre>org.openqa.selenium.ElementNotInteractableException: element not interactable
  (Session info: chrome=90.0.4430.93)
Build info: version: &apos;3.141.59&apos;, revision: &apos;e82be7d358&apos;, time: &apos;2018-11-14T08:25:53&apos;
System info: host: &apos;Matthews-MBP&apos;, ip: &apos;fe80:0:0:0:4c0:fada:7f0a:ee18%en0&apos;, os.name: &apos;Mac OS X&apos;, os.arch: &apos;x86_64&apos;, os.version: &apos;10.16&apos;, java.version: &apos;1.8.0_281&apos;
Driver info: org.openqa.selenium.chrome.ChromeDriver
Capabilities {acceptInsecureCerts: false, browserName: chrome, browserVersion: 90.0.4430.93, chrome: {chromedriverVersion: 89.0.4389.23 (61b08ee2c5002..., userDataDir: /var/folders/g7/2ng20rsn15s...}, goog:chromeOptions: {debuggerAddress: localhost:58856}, javascriptEnabled: true, networkConnectionEnabled: false, pageLoadStrategy: normal, platform: MAC, platformName: MAC, proxy: Proxy(), setWindowRect: true, strictFileInteractability: false, timeouts: {implicit: 0, pageLoad: 300000, script: 30000}, unhandledPromptBehavior: dismiss and notify, webauthn:extension:largeBlob: true, webauthn:virtualAuthenticators: true}
Session ID: b47380e8a0519a8d260152e48ac6a911
	at org.openqa.selenium.remote.http.W3CHttpResponseCodec.createException(W3CHttpResponseCodec.java:187)
	at org.openqa.selenium.remote.http.W3CHttpResponseCodec.decode(W3CHttpResponseCodec.java:122)
	at org.openqa.selenium.remote.http.W3CHttpResponseCodec.decode(W3CHttpResponseCodec.java:49)
	at org.openqa.selenium.remote.HttpCommandExecutor.execute(HttpCommandExecutor.java:158)
	at org.openqa.selenium.remote.service.DriverCommandExecutor.execute(DriverCommandExecutor.java:83)
	at org.openqa.selenium.remote.RemoteWebDriver.execute(RemoteWebDriver.java:552)
	at org.openqa.selenium.remote.RemoteWebElement.execute(RemoteWebElement.java:285)
	at org.openqa.selenium.remote.RemoteWebElement.click(RemoteWebElement.java:84)
	at OperationsAppTasks.PPSSCUSLibScripts.Transfercontainertoslot(PPSSCUSLibScripts.java:526)
	at java.util.ArrayList.forEach(ArrayList.java:1259)
... Removed 31 stack frames</pre></div><a href='#' onClick='toggleBox("stack-trace1237443220", this, "Click to show all stack frames", "Click to hide stack frames")'>Click to show all stack frames</a>
<div class='stack-trace' id='stack-trace1237443220'><pre>org.openqa.selenium.ElementNotInteractableException: element not interactable
  (Session info: chrome=90.0.4430.93)
Build info: version: &apos;3.141.59&apos;, revision: &apos;e82be7d358&apos;, time: &apos;2018-11-14T08:25:53&apos;
System info: host: &apos;Matthews-MBP&apos;, ip: &apos;fe80:0:0:0:4c0:fada:7f0a:ee18%en0&apos;, os.name: &apos;Mac OS X&apos;, os.arch: &apos;x86_64&apos;, os.version: &apos;10.16&apos;, java.version: &apos;1.8.0_281&apos;
Driver info: org.openqa.selenium.chrome.ChromeDriver
Capabilities {acceptInsecureCerts: false, browserName: chrome, browserVersion: 90.0.4430.93, chrome: {chromedriverVersion: 89.0.4389.23 (61b08ee2c5002..., userDataDir: /var/folders/g7/2ng20rsn15s...}, goog:chromeOptions: {debuggerAddress: localhost:58856}, javascriptEnabled: true, networkConnectionEnabled: false, pageLoadStrategy: normal, platform: MAC, platformName: MAC, proxy: Proxy(), setWindowRect: true, strictFileInteractability: false, timeouts: {implicit: 0, pageLoad: 300000, script: 30000}, unhandledPromptBehavior: dismiss and notify, webauthn:extension:largeBlob: true, webauthn:virtualAuthenticators: true}
Session ID: b47380e8a0519a8d260152e48ac6a911
	at sun.reflect.NativeConstructorAccessorImpl.newInstance0(Native Method)
	at sun.reflect.NativeConstructorAccessorImpl.newInstance(NativeConstructorAccessorImpl.java:62)
	at sun.reflect.DelegatingConstructorAccessorImpl.newInstance(DelegatingConstructorAccessorImpl.java:45)
	at java.lang.reflect.Constructor.newInstance(Constructor.java:423)
	at org.openqa.selenium.remote.http.W3CHttpResponseCodec.createException(W3CHttpResponseCodec.java:187)
	at org.openqa.selenium.remote.http.W3CHttpResponseCodec.decode(W3CHttpResponseCodec.java:122)
	at org.openqa.selenium.remote.http.W3CHttpResponseCodec.decode(W3CHttpResponseCodec.java:49)
	at org.openqa.selenium.remote.HttpCommandExecutor.execute(HttpCommandExecutor.java:158)
	at org.openqa.selenium.remote.service.DriverCommandExecutor.execute(DriverCommandExecutor.java:83)
	at org.openqa.selenium.remote.RemoteWebDriver.execute(RemoteWebDriver.java:552)
	at org.openqa.selenium.remote.RemoteWebElement.execute(RemoteWebElement.java:285)
	at org.openqa.selenium.remote.RemoteWebElement.click(RemoteWebElement.java:84)
	at OperationsAppTasks.PPSSCUSLibScripts.Transfercontainertoslot(PPSSCUSLibScripts.java:526)
	at sun.reflect.NativeMethodAccessorImpl.invoke0(Native Method)
	at sun.reflect.NativeMethodAccessorImpl.invoke(NativeMethodAccessorImpl.java:62)
	at sun.reflect.DelegatingMethodAccessorImpl.invoke(DelegatingMethodAccessorImpl.java:43)
	at java.lang.reflect.Method.invoke(Method.java:498)
	at org.testng.internal.MethodInvocationHelper.invokeMethod(MethodInvocationHelper.java:132)
	at org.testng.internal.TestInvoker.invokeMethod(TestInvoker.java:599)
	at org.testng.internal.TestInvoker.invokeTestMethod(TestInvoker.java:174)
	at org.testng.internal.MethodRunner.runInSequence(MethodRunner.java:46)
	at org.testng.internal.TestInvoker$MethodInvocationAgent.invoke(TestInvoker.java:822)
	at org.testng.internal.TestInvoker.invokeTestMethods(TestInvoker.java:147)
	at org.testng.internal.TestMethodWorker.invokeTestMethods(TestMethodWorker.java:146)
	at org.testng.internal.TestMethodWorker.run(TestMethodWorker.java:128)
	at java.util.ArrayList.forEach(ArrayList.java:1259)
	at org.testng.TestRunner.privateRun(TestRunner.java:764)
	at org.testng.TestRunner.run(TestRunner.java:585)
	at org.testng.SuiteRunner.runTest(SuiteRunner.java:384)
	at org.testng.SuiteRunner.runSequentially(SuiteRunner.java:378)
	at org.testng.SuiteRunner.privateRun(SuiteRunner.java:337)
	at org.testng.SuiteRunner.run(SuiteRunner.java:286)
	at org.testng.SuiteRunnerWorker.runSuite(SuiteRunnerWorker.java:53)
	at org.testng.SuiteRunnerWorker.run(SuiteRunnerWorker.java:96)
	at org.testng.TestNG.runSuitesSequentially(TestNG.java:1218)
	at org.testng.TestNG.runSuitesLocally(TestNG.java:1140)
	at org.testng.TestNG.runSuites(TestNG.java:1069)
	at org.testng.TestNG.run(TestNG.java:1037)
	at org.testng.remote.AbstractRemoteTestNG.run(AbstractRemoteTestNG.java:115)
	at org.testng.remote.RemoteTestNG.initAndRun(RemoteTestNG.java:251)
	at org.testng.remote.RemoteTestNG.main(RemoteTestNG.java:77)
</pre></div></td>
<td>33</td>
<td>OperationsAppTasks.PPSSCUSLibScripts@7c29daf3</td></tr>
</table><p>
<table width='100%' border='1' class='invocation-passed'>
<tr><td colspan='4' align='center'><b>PASSED TESTS</b></td></tr>
<tr><td><b>Test method</b></td>
<td width="30%"><b>Exception</b></td>
<td width="10%"><b>Time (seconds)</b></td>
<td><b>Instance</b></td>
</tr>
<tr>
<td title='OperationsAppTasks.Logintoordercreation.AddProductNeedsPicked()'><b>AddProductNeedsPicked</b><br>Test class: OperationsAppTasks.Logintoordercreation<br/>
<a href="#Output-1114050800" onClick='toggleBox("Output-1114050800", this, "Show output", "Hide output");'>Show output</a>

<a href="#Output-1114050800" onClick="toggleAllBoxes();">Show all outputs</a>
<div class='log' id="Output-1114050800">
Method ExecutedAddProductNeedsPicked<br/>
</div>
</td>
<td></td>
<td>22</td>
<td>OperationsAppTasks.Logintoordercreation@9660f4e</td></tr>
<tr>
<td title='OperationsAppTasks.Logintoordercreation.AddProductNeedsPicked2()'><b>AddProductNeedsPicked2</b><br>Test class: OperationsAppTasks.Logintoordercreation<br/>
<a href="#Output-819790006" onClick='toggleBox("Output-819790006", this, "Show output", "Hide output");'>Show output</a>

<a href="#Output-819790006" onClick="toggleAllBoxes();">Show all outputs</a>
<div class='log' id="Output-819790006">
Method ExecutedAddProductNeedsPicked2<br/>
</div>
</td>
<td></td>
<td>59</td>
<td>OperationsAppTasks.Logintoordercreation@9660f4e</td></tr>
<tr>
<td title='OperationsAppTasks.Logintoordercreation.AddProductNeedsPicked3()'><b>AddProductNeedsPicked3</b><br>Test class: OperationsAppTasks.Logintoordercreation<br/>
<a href="#Output-1279369591" onClick='toggleBox("Output-1279369591", this, "Show output", "Hide output");'>Show output</a>

<a href="#Output-1279369591" onClick="toggleAllBoxes();">Show all outputs</a>
<div class='log' id="Output-1279369591">
Method ExecutedAddProductNeedsPicked3<br/>
</div>
</td>
<td></td>
<td>163</td>
<td>OperationsAppTasks.Logintoordercreation@9660f4e</td></tr>
<tr>
<td title='OperationsAppTasks.Logintoordercreation.BarcodeScanning()'><b>BarcodeScanning</b><br>Test class: OperationsAppTasks.Logintoordercreation<br/>
<a href="#Output-1342373353" onClick='toggleBox("Output-1342373353", this, "Show output", "Hide output");'>Show output</a>

<a href="#Output-1342373353" onClick="toggleAllBoxes();">Show all outputs</a>
<div class='log' id="Output-1342373353">
Method ExecutedBarcodeScanning<br/>
</div>
</td>
<td></td>
<td>7</td>
<td>OperationsAppTasks.Logintoordercreation@9660f4e</td></tr>
<tr>
<td title='OperationsAppTasks.Task1828POSModule.Createanorderwithpickedproducts()'><b>Createanorderwithpickedproducts</b><br>Test class: OperationsAppTasks.Task1828POSModule<br/>
<a href="#Output-322505366" onClick='toggleBox("Output-322505366", this, "Show output", "Hide output");'>Show output</a>

<a href="#Output-322505366" onClick="toggleAllBoxes();">Show all outputs</a>
<div class='log' id="Output-322505366">
Clicked on Started New Order<br/>
</div>
</td>
<td></td>
<td>83</td>
<td>OperationsAppTasks.Task1828POSModule@5a8806ef</td></tr>
<tr>
<td title='OperationsAppTasks.Logintoordercreation.POSmodule()'><b>POSmodule</b><br>Test class: OperationsAppTasks.Logintoordercreation<br/>
<a href="#Output-1924318701" onClick='toggleBox("Output-1924318701", this, "Show output", "Hide output");'>Show output</a>

<a href="#Output-1924318701" onClick="toggleAllBoxes();">Show all outputs</a>
<div class='log' id="Output-1924318701">
Clicked on Started New Order<br/>
Method ExecutedPOSmodule<br/>
</div>
</td>
<td></td>
<td>32</td>
<td>OperationsAppTasks.Logintoordercreation@9660f4e</td></tr>
<tr>
<td title='OperationsAppTasks.Task1732Main.Processorder()'><b>Processorder</b><br>Test class: OperationsAppTasks.Task1732Main</td>
<td></td>
<td>103</td>
<td>OperationsAppTasks.Task1732Main@7494e528</td></tr>
<tr>
<td title='OperationsAppTasks.Task1767ChromeMobileEmulatorItem1.Processorder()'><b>Processorder</b><br>Test class: OperationsAppTasks.Task1767ChromeMobileEmulatorItem1</td>
<td></td>
<td>111</td>
<td>OperationsAppTasks.Task1767ChromeMobileEmulatorItem1@4bbfb90a</td></tr>
<tr>
<td title='OperationsAppTasks.Task1732Main.QualityAsurance()'><b>QualityAsurance</b><br>Test class: OperationsAppTasks.Task1732Main</td>
<td></td>
<td>37</td>
<td>OperationsAppTasks.Task1732Main@7494e528</td></tr>
<tr>
<td title='OperationsAppTasks.Task1767ChromeMobileEmulatorItem1.QualityAsurance()'><b>QualityAsurance</b><br>Test class: OperationsAppTasks.Task1767ChromeMobileEmulatorItem1</td>
<td></td>
<td>70</td>
<td>OperationsAppTasks.Task1767ChromeMobileEmulatorItem1@4bbfb90a</td></tr>
<tr>
<td title='OperationsAppTasks.Task1732Main.RecreateOrder()'><b>RecreateOrder</b><br>Test class: OperationsAppTasks.Task1732Main<br/>
<a href="#Output-1613627715" onClick='toggleBox("Output-1613627715", this, "Show output", "Hide output");'>Show output</a>

<a href="#Output-1613627715" onClick="toggleAllBoxes();">Show all outputs</a>
<div class='log' id="Output-1613627715">
Clicked on Started New Order<br/>
</div>
</td>
<td></td>
<td>169</td>
<td>OperationsAppTasks.Task1732Main@7494e528</td></tr>
<tr>
<td title='OperationsAppTasks.Task1732Main.Releaseorder()'><b>Releaseorder</b><br>Test class: OperationsAppTasks.Task1732Main</td>
<td></td>
<td>36</td>
<td>OperationsAppTasks.Task1732Main@7494e528</td></tr>
<tr>
<td title='OperationsAppTasks.Task1767ChromeMobileEmulatorItem1.Releaseorder()'><b>Releaseorder</b><br>Test class: OperationsAppTasks.Task1767ChromeMobileEmulatorItem1</td>
<td></td>
<td>36</td>
<td>OperationsAppTasks.Task1767ChromeMobileEmulatorItem1@4bbfb90a</td></tr>
<tr>
<td title='OperationsAppTasks.Task1732Main.Tailoring()'><b>Tailoring</b><br>Test class: OperationsAppTasks.Task1732Main</td>
<td></td>
<td>47</td>
<td>OperationsAppTasks.Task1732Main@7494e528</td></tr>
<tr>
<td title='OperationsAppTasks.Task1767ChromeMobileEmulatorItem1.Tailoring()'><b>Tailoring</b><br>Test class: OperationsAppTasks.Task1767ChromeMobileEmulatorItem1</td>
<td></td>
<td>76</td>
<td>OperationsAppTasks.Task1767ChromeMobileEmulatorItem1@4bbfb90a</td></tr>
<tr>
<td title='OperationsAppTasks.Logintoordercreation.Testcase1LoginFunctionality()'><b>Testcase1LoginFunctionality</b><br>Test class: OperationsAppTasks.Logintoordercreation<br/>
<a href="#Output-2005492533" onClick='toggleBox("Output-2005492533", this, "Show output", "Hide output");'>Show output</a>

<a href="#Output-2005492533" onClick="toggleAllBoxes();">Show all outputs</a>
<div class='log' id="Output-2005492533">
Method ExecutedLogin<br/>
</div>
</td>
<td></td>
<td>6</td>
<td>OperationsAppTasks.Logintoordercreation@9660f4e</td></tr>
<tr>
<td title='OperationsAppTasks.Task1828POSModule.Testcustomization()'><b>Testcustomization</b><br>Test class: OperationsAppTasks.Task1828POSModule</td>
<td></td>
<td>153</td>
<td>OperationsAppTasks.Task1828POSModule@5a8806ef</td></tr>
<tr>
<td title='OperationsAppTasks.Task1828POSModule.Testmodule()'><b>Testmodule</b><br>Test class: OperationsAppTasks.Task1828POSModule</td>
<td></td>
<td>14</td>
<td>OperationsAppTasks.Task1828POSModule@5a8806ef</td></tr>
<tr>
<td title='OperationsAppTasks.Task1732Main.Transfertocontainer()'><b>Transfertocontainer</b><br>Test class: OperationsAppTasks.Task1732Main</td>
<td></td>
<td>36</td>
<td>OperationsAppTasks.Task1732Main@7494e528</td></tr>
<tr>
<td title='OperationsAppTasks.Task1767ChromeMobileEmulatorItem1.Transfertocontainer()'><b>Transfertocontainer</b><br>Test class: OperationsAppTasks.Task1767ChromeMobileEmulatorItem1</td>
<td></td>
<td>53</td>
<td>OperationsAppTasks.Task1767ChromeMobileEmulatorItem1@4bbfb90a</td></tr>
<tr>
<td title='OperationsAppTasks.Task1767ChromeMobileEmulatorItem1.mobiletest()'><b>mobiletest</b><br>Test class: OperationsAppTasks.Task1767ChromeMobileEmulatorItem1</td>
<td></td>
<td>172</td>
<td>OperationsAppTasks.Task1767ChromeMobileEmulatorItem1@4bbfb90a</td></tr>
<tr>
<td title='OperationsAppTasks.Task1828POSModule.testAddproductmodule()'><b>testAddproductmodule</b><br>Test class: OperationsAppTasks.Task1828POSModule</td>
<td></td>
<td>43</td>
<td>OperationsAppTasks.Task1828POSModule@5a8806ef</td></tr>
<tr>
<td title='OperationsAppTasks.Task1828POSModule.testAddshirtmodule()'><b>testAddshirtmodule</b><br>Test class: OperationsAppTasks.Task1828POSModule</td>
<td></td>
<td>12</td>
<td>OperationsAppTasks.Task1828POSModule@5a8806ef</td></tr>
<tr>
<td title='OperationsAppTasks.Task1828POSModule.testCheckoutmodule()'><b>testCheckoutmodule</b><br>Test class: OperationsAppTasks.Task1828POSModule</td>
<td></td>
<td>168</td>
<td>OperationsAppTasks.Task1828POSModule@5a8806ef</td></tr>
<tr>
<td title='OperationsAppTasks.Task1828POSModule.testFlashlightmodule()'><b>testFlashlightmodule</b><br>Test class: OperationsAppTasks.Task1828POSModule</td>
<td></td>
<td>16</td>
<td>OperationsAppTasks.Task1828POSModule@5a8806ef</td></tr>
<tr>
<td title='OperationsAppTasks.Task1828POSModule.testOrderActions()'><b>testOrderActions</b><br>Test class: OperationsAppTasks.Task1828POSModule</td>
<td></td>
<td>35</td>
<td>OperationsAppTasks.Task1828POSModule@5a8806ef</td></tr>
<tr>
<td title='OperationsAppTasks.Task1828POSModule.testUserActions()'><b>testUserActions</b><br>Test class: OperationsAppTasks.Task1828POSModule</td>
<td></td>
<td>92</td>
<td>OperationsAppTasks.Task1828POSModule@5a8806ef</td></tr>
<tr>
<td title='OperationsAppTasks.Task1828POSModule.testuploaddocument()'><b>testuploaddocument</b><br>Test class: OperationsAppTasks.Task1828POSModule</td>
<td></td>
<td>12</td>
<td>OperationsAppTasks.Task1828POSModule@5a8806ef</td></tr>
</table><p>
</body>
</html>