<?xml version="1.0" encoding="UTF-8"?>
<!-- Generated by org.testng.reporters.JUnitXMLReporter -->
<testsuite hostname="Matthews-MBP" ignored="2" name="Test(failed)" tests="29" failures="23" timestamp="2021-05-01T11:00:55 EDT" time="594.185" errors="0">
  <testcase name="mobiletest" time="172.967" classname="OperationsAppTasks.Task1767ChromeMobileEmulatorItem1"/>
  <testcase name="Releaseorder" time="36.485" classname="OperationsAppTasks.Task1767ChromeMobileEmulatorItem1"/>
  <testcase name="Processorder" time="111.262" classname="OperationsAppTasks.Task1767ChromeMobileEmulatorItem1"/>
  <testcase name="Transfertocontainer" time="53.205" classname="OperationsAppTasks.Task1767ChromeMobileEmulatorItem1"/>
  <testcase name="Tailoring" time="76.315" classname="OperationsAppTasks.Task1767ChromeMobileEmulatorItem1"/>
  <testcase name="QualityAsurance" time="70.781" classname="OperationsAppTasks.Task1767ChromeMobileEmulatorItem1"/>
  <testcase name="Createanorderwithpickedproducts" time="0.003" classname="OperationsAppTasks.Task1828POSModule">
    <failure type="java.lang.IllegalStateException" message="The driver is not executable: /Users/matthewfowkes/eclipse-workspace-cus-test/PittisburghpublicsafetysupplyAutomation/./Lib/Browsers/chromedriver.exe">
      <![CDATA[java.lang.IllegalStateException: The driver is not executable: /Users/matthewfowkes/eclipse-workspace-cus-test/PittisburghpublicsafetysupplyAutomation/./Lib/Browsers/chromedriver.exe
at com.google.common.base.Preconditions.checkState(Preconditions.java:585)
at org.openqa.selenium.remote.service.DriverService.checkExecutable(DriverService.java:150)
at org.openqa.selenium.remote.service.DriverService.findExecutable(DriverService.java:141)
at org.openqa.selenium.chrome.ChromeDriverService.access$000(ChromeDriverService.java:35)
at org.openqa.selenium.chrome.ChromeDriverService$Builder.findDefaultExecutable(ChromeDriverService.java:159)
at org.openqa.selenium.remote.service.DriverService$Builder.build(DriverService.java:355)
at org.openqa.selenium.chrome.ChromeDriverService.createDefaultService(ChromeDriverService.java:94)
at org.openqa.selenium.chrome.ChromeDriver.<init>(ChromeDriver.java:157)
at OperationsAppTasks.Task1828POSModule.Createanorderwithpickedproducts(Task1828POSModule.java:37)
at java.util.ArrayList.forEach(ArrayList.java:1259)
... Removed 27 stack frames]]>
    </failure>
  </testcase> <!-- Createanorderwithpickedproducts -->
  <testcase name="testAddproductmodule" time="3.005" classname="OperationsAppTasks.Task1828POSModule">
    <failure type="java.lang.NullPointerException">
      <![CDATA[java.lang.NullPointerException
at OperationsAppTasks.Task1828POSModule.testAddproductmodule(Task1828POSModule.java:155)
at java.util.ArrayList.forEach(ArrayList.java:1259)
... Removed 27 stack frames]]>
    </failure>
  </testcase> <!-- testAddproductmodule -->
  <testcase name="testAddshirtmodule" time="3.006" classname="OperationsAppTasks.Task1828POSModule">
    <failure type="java.lang.NullPointerException">
      <![CDATA[java.lang.NullPointerException
at OperationsAppTasks.Task1828POSModule.testAddshirtmodule(Task1828POSModule.java:194)
at java.util.ArrayList.forEach(ArrayList.java:1259)
... Removed 27 stack frames]]>
    </failure>
  </testcase> <!-- testAddshirtmodule -->
  <testcase name="Testmodule" time="5.01" classname="OperationsAppTasks.Task1828POSModule">
    <failure type="java.lang.NullPointerException">
      <![CDATA[java.lang.NullPointerException
at OperationsAppTasks.Task1828POSModule.Testmodule(Task1828POSModule.java:210)
at java.util.ArrayList.forEach(ArrayList.java:1259)
... Removed 27 stack frames]]>
    </failure>
  </testcase> <!-- Testmodule -->
  <testcase name="testFlashlightmodule" time="5.01" classname="OperationsAppTasks.Task1828POSModule">
    <failure type="java.lang.NullPointerException">
      <![CDATA[java.lang.NullPointerException
at OperationsAppTasks.Task1828POSModule.testFlashlightmodule(Task1828POSModule.java:224)
at java.util.ArrayList.forEach(ArrayList.java:1259)
... Removed 27 stack frames]]>
    </failure>
  </testcase> <!-- testFlashlightmodule -->
  <testcase name="Testcustomization" time="5.01" classname="OperationsAppTasks.Task1828POSModule">
    <failure type="java.lang.NullPointerException">
      <![CDATA[java.lang.NullPointerException
at OperationsAppTasks.Task1828POSModule.Testcustomization(Task1828POSModule.java:245)
at java.util.ArrayList.forEach(ArrayList.java:1259)
... Removed 27 stack frames]]>
    </failure>
  </testcase> <!-- Testcustomization -->
  <testcase name="testOrderActions" time="5.005" classname="OperationsAppTasks.Task1828POSModule">
    <failure type="java.lang.NullPointerException">
      <![CDATA[java.lang.NullPointerException
at OperationsAppTasks.Task1828POSModule.testOrderActions(Task1828POSModule.java:419)
at java.util.ArrayList.forEach(ArrayList.java:1259)
... Removed 27 stack frames]]>
    </failure>
  </testcase> <!-- testOrderActions -->
  <testcase name="testuploaddocument" time="5.006" classname="OperationsAppTasks.Task1828POSModule">
    <failure type="java.lang.NullPointerException">
      <![CDATA[java.lang.NullPointerException
at OperationsAppTasks.Task1828POSModule.testuploaddocument(Task1828POSModule.java:455)
at java.util.ArrayList.forEach(ArrayList.java:1259)
... Removed 27 stack frames]]>
    </failure>
  </testcase> <!-- testuploaddocument -->
  <testcase name="testUserActions" time="3.002" classname="OperationsAppTasks.Task1828POSModule">
    <failure type="java.lang.NullPointerException">
      <![CDATA[java.lang.NullPointerException
at OperationsAppTasks.Task1828POSModule.testUserActions(Task1828POSModule.java:536)
at java.util.ArrayList.forEach(ArrayList.java:1259)
... Removed 27 stack frames]]>
    </failure>
  </testcase> <!-- testUserActions -->
  <testcase name="testCheckoutmodule" time="5.001" classname="OperationsAppTasks.Task1828POSModule">
    <failure type="java.lang.NullPointerException">
      <![CDATA[java.lang.NullPointerException
at OperationsAppTasks.Task1828POSModule.testCheckoutmodule(Task1828POSModule.java:630)
at java.util.ArrayList.forEach(ArrayList.java:1259)
... Removed 27 stack frames]]>
    </failure>
  </testcase> <!-- testCheckoutmodule -->
  <testcase name="Addnewcustomer" time="3.005" classname="OperationsAppTasks.Task1828POSModule">
    <failure type="java.lang.NullPointerException">
      <![CDATA[java.lang.NullPointerException
at OperationsAppTasks.Task1828POSModule.Addnewcustomer(Task1828POSModule.java:761)
at java.util.ArrayList.forEach(ArrayList.java:1259)
... Removed 27 stack frames]]>
    </failure>
  </testcase> <!-- Addnewcustomer -->
  <testcase name="Createanorderwithpickedproducts" time="0.002" classname="OperationsAppTasks.PPSSCUSLibScripts">
    <failure type="java.lang.IllegalStateException" message="The driver is not executable: /Users/matthewfowkes/eclipse-workspace-cus-test/PittisburghpublicsafetysupplyAutomation/./Lib/Browsers/chromedriver.exe">
      <![CDATA[java.lang.IllegalStateException: The driver is not executable: /Users/matthewfowkes/eclipse-workspace-cus-test/PittisburghpublicsafetysupplyAutomation/./Lib/Browsers/chromedriver.exe
at com.google.common.base.Preconditions.checkState(Preconditions.java:585)
at org.openqa.selenium.remote.service.DriverService.checkExecutable(DriverService.java:150)
at org.openqa.selenium.remote.service.DriverService.findExecutable(DriverService.java:141)
at org.openqa.selenium.chrome.ChromeDriverService.access$000(ChromeDriverService.java:35)
at org.openqa.selenium.chrome.ChromeDriverService$Builder.findDefaultExecutable(ChromeDriverService.java:159)
at org.openqa.selenium.remote.service.DriverService$Builder.build(DriverService.java:355)
at org.openqa.selenium.chrome.ChromeDriverService.createDefaultService(ChromeDriverService.java:94)
at org.openqa.selenium.chrome.ChromeDriver.<init>(ChromeDriver.java:157)
at OperationsAppTasks.PPSSCUSLibScripts.Createanorderwithpickedproducts(PPSSCUSLibScripts.java:39)
at java.util.ArrayList.forEach(ArrayList.java:1259)
... Removed 27 stack frames]]>
    </failure>
  </testcase> <!-- Createanorderwithpickedproducts -->
  <testcase name="CreateoorderwithNeedsPicked" time="3.004" classname="OperationsAppTasks.PPSSCUSLibScripts">
    <failure type="java.lang.NullPointerException">
      <![CDATA[java.lang.NullPointerException
at OperationsAppTasks.PPSSCUSLibScripts.CreateoorderwithNeedsPicked(PPSSCUSLibScripts.java:152)
at java.util.ArrayList.forEach(ArrayList.java:1259)
... Removed 27 stack frames]]>
    </failure>
  </testcase> <!-- CreateoorderwithNeedsPicked -->
  <testcase name="OrderProcess" time="3.002" classname="OperationsAppTasks.PPSSCUSLibScripts">
    <failure type="java.lang.NullPointerException">
      <![CDATA[java.lang.NullPointerException
at OperationsAppTasks.PPSSCUSLibScripts.OrderProcess(PPSSCUSLibScripts.java:335)
at java.util.ArrayList.forEach(ArrayList.java:1259)
... Removed 27 stack frames]]>
    </failure>
  </testcase> <!-- OrderProcess -->
  <testcase name="OrderRelease" time="3.005" classname="OperationsAppTasks.PPSSCUSLibScripts">
    <failure type="java.lang.NullPointerException">
      <![CDATA[java.lang.NullPointerException
at OperationsAppTasks.PPSSCUSLibScripts.OrderRelease(PPSSCUSLibScripts.java:494)
at java.util.ArrayList.forEach(ArrayList.java:1259)
... Removed 27 stack frames]]>
    </failure>
  </testcase> <!-- OrderRelease -->
  <testcase name="Transfercontainertoslot" time="3.001" classname="OperationsAppTasks.PPSSCUSLibScripts">
    <failure type="java.lang.NullPointerException">
      <![CDATA[java.lang.NullPointerException
at OperationsAppTasks.PPSSCUSLibScripts.Transfercontainertoslot(PPSSCUSLibScripts.java:523)
at java.util.ArrayList.forEach(ArrayList.java:1259)
... Removed 27 stack frames]]>
    </failure>
  </testcase> <!-- Transfercontainertoslot -->
  <testcase name="TransferStock" time="4.004" classname="OperationsAppTasks.PPSSCUSLibScripts">
    <failure type="java.lang.NullPointerException">
      <![CDATA[java.lang.NullPointerException
at OperationsAppTasks.PPSSCUSLibScripts.TransferStock(PPSSCUSLibScripts.java:547)
at java.util.ArrayList.forEach(ArrayList.java:1259)
... Removed 27 stack frames]]>
    </failure>
  </testcase> <!-- TransferStock -->
  <testcase name="Testcase1LoginFunctionality" time="0.001" classname="OperationsAppTasks.Logintoordercreation">
    <failure type="java.lang.IllegalStateException" message="The driver is not executable: /Users/matthewfowkes/eclipse-workspace-cus-test/PittisburghpublicsafetysupplyAutomation/./Lib/Browsers/chromedriver.exe">
      <![CDATA[java.lang.IllegalStateException: The driver is not executable: /Users/matthewfowkes/eclipse-workspace-cus-test/PittisburghpublicsafetysupplyAutomation/./Lib/Browsers/chromedriver.exe
at com.google.common.base.Preconditions.checkState(Preconditions.java:585)
at org.openqa.selenium.remote.service.DriverService.checkExecutable(DriverService.java:150)
at org.openqa.selenium.remote.service.DriverService.findExecutable(DriverService.java:141)
at org.openqa.selenium.chrome.ChromeDriverService.access$000(ChromeDriverService.java:35)
at org.openqa.selenium.chrome.ChromeDriverService$Builder.findDefaultExecutable(ChromeDriverService.java:159)
at org.openqa.selenium.remote.service.DriverService$Builder.build(DriverService.java:355)
at org.openqa.selenium.chrome.ChromeDriverService.createDefaultService(ChromeDriverService.java:94)
at org.openqa.selenium.chrome.ChromeDriver.<init>(ChromeDriver.java:157)
at OperationsAppTasks.Logintoordercreation.Testcase1LoginFunctionality(Logintoordercreation.java:30)
at java.util.ArrayList.forEach(ArrayList.java:1259)
... Removed 27 stack frames]]>
    </failure>
  </testcase> <!-- Testcase1LoginFunctionality -->
  <testcase name="BarcodeScanning" time="3.005" classname="OperationsAppTasks.Logintoordercreation">
    <failure type="java.lang.NullPointerException">
      <![CDATA[java.lang.NullPointerException
at OperationsAppTasks.Logintoordercreation.BarcodeScanning(Logintoordercreation.java:53)
at java.util.ArrayList.forEach(ArrayList.java:1259)
... Removed 27 stack frames]]>
    </failure>
  </testcase> <!-- BarcodeScanning -->
  <testcase name="POSmodule" time="3.002" classname="OperationsAppTasks.Logintoordercreation">
    <failure type="java.lang.NullPointerException">
      <![CDATA[java.lang.NullPointerException
at OperationsAppTasks.Logintoordercreation.POSmodule(Logintoordercreation.java:73)
at java.util.ArrayList.forEach(ArrayList.java:1259)
... Removed 27 stack frames]]>
    </failure>
  </testcase> <!-- POSmodule -->
  <testcase name="AddProductNeedsPicked" time="3.003" classname="OperationsAppTasks.Logintoordercreation">
    <failure type="java.lang.NullPointerException">
      <![CDATA[java.lang.NullPointerException
at OperationsAppTasks.Logintoordercreation.AddProductNeedsPicked(Logintoordercreation.java:129)
at java.util.ArrayList.forEach(ArrayList.java:1259)
... Removed 27 stack frames]]>
    </failure>
  </testcase> <!-- AddProductNeedsPicked -->
  <testcase name="AddProductNeedsPicked2" time="3.004" classname="OperationsAppTasks.Logintoordercreation">
    <failure type="java.lang.NullPointerException">
      <![CDATA[java.lang.NullPointerException
at OperationsAppTasks.Logintoordercreation.AddProductNeedsPicked2(Logintoordercreation.java:161)
at java.util.ArrayList.forEach(ArrayList.java:1259)
... Removed 27 stack frames]]>
    </failure>
  </testcase> <!-- AddProductNeedsPicked2 -->
  <testcase name="AddProductNeedsPicked3" time="3.004" classname="OperationsAppTasks.Logintoordercreation">
    <failure type="java.lang.NullPointerException">
      <![CDATA[java.lang.NullPointerException
at OperationsAppTasks.Logintoordercreation.AddProductNeedsPicked3(Logintoordercreation.java:225)
at java.util.ArrayList.forEach(ArrayList.java:1259)
... Removed 27 stack frames]]>
    </failure>
  </testcase> <!-- AddProductNeedsPicked3 -->
  <testcase name="Orderpic" time="0.0" classname="OperationsAppTasks.PPSSCUSLibScripts">
    <ignored/>
  </testcase> <!-- Orderpic -->
  <testcase name="testViewddocuments" time="0.0" classname="OperationsAppTasks.Task1828POSModule">
    <ignored/>
  </testcase> <!-- testViewddocuments -->
</testsuite> <!-- Test(failed) -->
